#
# A fatal error has been detected by the Java Runtime Environment:
#
#  EXCEPTION_ACCESS_VIOLATION (0xc0000005) at pc=0x00007ff9404de0a9, pid=11752, tid=9840
#
# JRE version: OpenJDK Runtime Environment Microsoft-8035246 (17.0.8+7) (build 17.0.8+7-LTS)
# Java VM: OpenJDK 64-Bit Server VM Microsoft-8035246 (17.0.8+7-LTS, mixed mode, sharing, tiered, compressed oops, compressed class ptrs, g1 gc, windows-amd64)
# Problematic frame:
# V  [jvm.dll+0x2be0a9]
#
# No core dump will be written. Minidumps are not enabled by default on client versions of Windows
#
# If you would like to submit a bug report, please visit:
#   https://github.com/microsoft/openjdk/issues
#

---------------  S U M M A R Y ------------

Command Line: -XX:MaxMetaspaceSize=512m --add-opens=java.base/java.util=ALL-UNNAMED --add-opens=java.base/java.lang=ALL-UNNAMED --add-opens=java.base/java.lang.invoke=ALL-UNNAMED --add-opens=java.prefs/java.util.prefs=ALL-UNNAMED --add-opens=java.base/java.nio.charset=ALL-UNNAMED --add-opens=java.base/java.net=ALL-UNNAMED --add-opens=java.base/java.util.concurrent.atomic=ALL-UNNAMED -Xmx2048m -Dfile.encoding=windows-1252 -Duser.country=IN -Duser.language=en -Duser.variant org.gradle.launcher.daemon.bootstrap.GradleDaemon 8.0.1

Host: Intel(R) Core(TM) i5-7200U CPU @ 2.50GHz, 4 cores, 15G,  Windows 10 , 64 bit Build 19041 (10.0.19041.3636)
Time: Sat Jan 20 09:57:06 2024 India Standard Time elapsed time: 52.767395 seconds (0d 0h 0m 52s)

---------------  T H R E A D  ---------------

Current thread (0x000002290451f5b0):  JavaThread "C2 CompilerThread1" daemon [_thread_in_native, id=9840, stack(0x0000003e1da00000,0x0000003e1db00000)]


Current CompileTask:
C2:  52767 14163   !   4       org.gradle.cache.internal.DefaultMultiProcessSafePersistentIndexedCache::getIfPresent (25 bytes)

Stack: [0x0000003e1da00000,0x0000003e1db00000],  sp=0x0000003e1dafb870,  free space=1006k
Native frames: (J=compiled Java code, j=interpreted, Vv=VM code, C=native code)
V  [jvm.dll+0x2be0a9]
V  [jvm.dll+0x21ba8b]
V  [jvm.dll+0x21944b]
V  [jvm.dll+0x1a56b6]
V  [jvm.dll+0x2291ea]
V  [jvm.dll+0x22724c]
V  [jvm.dll+0x7efd0c]
V  [jvm.dll+0x7ea13a]
V  [jvm.dll+0x67ad85]
C  [ucrtbase.dll+0x21bb2]
C  [KERNEL32.DLL+0x17344]
C  [ntdll.dll+0x526b1]


siginfo: EXCEPTION_ACCESS_VIOLATION (0xc0000005), reading address 0x0000000000000028


Register to memory mapping:

RIP=0x00007ff9404de0a9 jvm.dll
RAX=0x00000229052b7e80 points into unknown readable memory: 0x0000000000000000 | 00 00 00 00 00 00 00 00
RBX=0x000000000000174b is an unknown value
RCX=0x0 is NULL
RDX=0x0 is NULL
RSP=0x0000003e1dafb870 is pointing into the stack for thread: 0x000002290451f5b0
RBP=0x0000003e1dafb8e0 is pointing into the stack for thread: 0x000002290451f5b0
RSI=0x0 is NULL
RDI=0x0000000000000047 is an unknown value
R8 =0x000000000000ffe0 is an unknown value
R9 =0x0 is NULL
R10=0x00007ff9803f0000 VCRUNTIME140.dll
R11=0x00000229052b7ea0 points into unknown readable memory: 0x0000000000000000 | 00 00 00 00 00 00 00 00
R12=0x0000000000000050 is an unknown value
R13=0x0 is NULL
R14=0x0 is NULL
R15=0x0000003e1dafea90 is pointing into the stack for thread: 0x000002290451f5b0


Registers:
RAX=0x00000229052b7e80, RBX=0x000000000000174b, RCX=0x0000000000000000, RDX=0x0000000000000000
RSP=0x0000003e1dafb870, RBP=0x0000003e1dafb8e0, RSI=0x0000000000000000, RDI=0x0000000000000047
R8 =0x000000000000ffe0, R9 =0x0000000000000000, R10=0x00007ff9803f0000, R11=0x00000229052b7ea0
R12=0x0000000000000050, R13=0x0000000000000000, R14=0x0000000000000000, R15=0x0000003e1dafea90
RIP=0x00007ff9404de0a9, EFLAGS=0x0000000000010202

Top of Stack: (sp=0x0000003e1dafb870)
0x0000003e1dafb870:   000000000000174b 0000000000000000
0x0000003e1dafb880:   0000003e1dafea90 00007ff9404438d1
0x0000003e1dafb890:   0000022907c1e1c0 00007ff900002000
0x0000003e1dafb8a0:   00000229052b7e80 0000022900000000
0x0000003e1dafb8b0:   0000000000000002 000002297f278f00
0x0000003e1dafb8c0:   0000000000000002 0000022907c1e1c0
0x0000003e1dafb8d0:   0000000000000000 0000000000000000
0x0000003e1dafb8e0:   0000022906ff98f0 00000229439a8650
0x0000003e1dafb8f0:   0000000000000047 00007ff940b64c08
0x0000003e1dafb900:   0000003e1dafba10 00007ff94043ba8b
0x0000003e1dafb910:   0000003e1dafea90 00007ff940b64c08
0x0000003e1dafb920:   0000003e1dafea90 0000003e1dafba10
0x0000003e1dafb930:   0000022900000000 00007ff94083b7fb
0x0000003e1dafb940:   0000003e0000000f 0000003e1dafea90
0x0000003e1dafb950:   0000003e1dafbac0 0000000000000000
0x0000003e1dafb960:   0000022900000100 00007ff940b64c08 

Instructions: (pc=0x00007ff9404de0a9)
0x00007ff9404ddfa9:   3b d0 75 0b ff c1 41 3b c9 7c dc 48 8b c2 c3 33
0x00007ff9404ddfb9:   c0 c3 cc cc cc cc cc 48 89 5c 24 18 55 56 57 41
0x00007ff9404ddfc9:   55 41 57 48 8b ec 48 83 ec 70 65 48 8b 04 25 58
0x00007ff9404ddfd9:   00 00 00 48 8b f2 44 8b 05 d2 8b 90 00 4c 8b f9
0x00007ff9404ddfe9:   4a 8b 1c c0 b8 50 00 00 00 80 3c 18 00 75 05 e8
0x00007ff9404ddff9:   8b 6f 5d 00 b8 20 00 00 00 48 8b 04 18 48 8b 98
0x00007ff9404de009:   38 02 00 00 48 89 5d b0 c7 45 b8 04 00 00 00 48
0x00007ff9404de019:   8b 43 18 48 83 f8 df 76 18 4c 8d 05 37 a9 65 00
0x00007ff9404de029:   ba 20 00 00 00 48 8b cb e8 5a eb de ff 48 8b 43
0x00007ff9404de039:   18 48 8d 48 20 48 3b 4b 20 76 11 45 33 c0 48 8b
0x00007ff9404de049:   cb 41 8d 50 20 e8 fd e8 de ff eb 04 48 89 4b 18
0x00007ff9404de059:   44 8b 45 b8 33 d2 49 c1 e0 03 48 8b c8 48 89 45
0x00007ff9404de069:   c0 e8 e3 80 5d 00 45 33 ed 48 8d 4d d0 44 89 6d
0x00007ff9404de079:   c8 e8 01 59 56 00 41 8b 9f 40 02 00 00 41 2b 9f
0x00007ff9404de089:   68 02 00 00 44 89 6d f0 3b 5d b8 72 0b 8b d3 48
0x00007ff9404de099:   8d 4d b0 e8 6f b3 39 00 48 8b 45 c0 4c 89 2c d8
0x00007ff9404de0a9:   8b 7e 28 8b df c1 eb 05 3b 5d d0 72 0b 8b d3 48
0x00007ff9404de0b9:   8d 4d d0 e8 1f 59 56 00 48 8b 45 d8 83 e7 1f 48
0x00007ff9404de0c9:   8d 14 98 40 0f b6 cf 41 b8 01 00 00 00 41 d3 e0
0x00007ff9404de0d9:   8b 0a 8b c1 41 0b c0 89 02 41 85 c8 75 21 8b 5d
0x00007ff9404de0e9:   c8 8d 43 01 89 45 c8 3b 5d b8 72 0b 8b d3 48 8d
0x00007ff9404de0f9:   4d b0 e8 10 b3 39 00 48 8b 45 c0 48 89 34 d8 44
0x00007ff9404de109:   39 6d c8 0f 86 77 01 00 00 4c 89 a4 24 a0 00 00
0x00007ff9404de119:   00 4c 89 b4 24 a8 00 00 00 48 8b 45 c0 41 8b cd
0x00007ff9404de129:   48 8b 34 c8 8b 46 2c 25 ff 1f 00 00 3d 04 10 00
0x00007ff9404de139:   00 0f 85 a7 00 00 00 bb 01 00 00 00 39 5e 18 76
0x00007ff9404de149:   39 66 0f 1f 44 00 00 48 8b 46 08 8b cb 48 8b 14
0x00007ff9404de159:   c8 48 85 d2 74 1d 48 83 7a 10 00 74 16 80 7a 2c
0x00007ff9404de169:   84 74 10 e8 7f 7e ee ff 48 8b d0 49 8b cf e8 a4
0x00007ff9404de179:   61 f6 ff ff c3 3b 5e 18 72 cd 48 8b 5e 10 8b 46
0x00007ff9404de189:   20 4c 8d 34 c3 49 3b de 73 54 48 8b 3b 8b 47 2c
0x00007ff9404de199:   83 e0 03 3c 03 75 2e 48 8b 07 48 8b cf ff 90 88 


Stack slot to memory mapping:
stack at sp + 0 slots: 0x000000000000174b is an unknown value
stack at sp + 1 slots: 0x0 is NULL
stack at sp + 2 slots: 0x0000003e1dafea90 is pointing into the stack for thread: 0x000002290451f5b0
stack at sp + 3 slots: 0x00007ff9404438d1 jvm.dll
stack at sp + 4 slots: 0x0000022907c1e1c0 points into unknown readable memory: 0xbf80000000000006 | 06 00 00 00 00 00 80 bf
stack at sp + 5 slots: 0x00007ff900002000 is an unknown value
stack at sp + 6 slots: 0x00000229052b7e80 points into unknown readable memory: 0x0000000000000000 | 00 00 00 00 00 00 00 00
stack at sp + 7 slots: 0x0000022900000000 is pointing into metadata


---------------  P R O C E S S  ---------------

Threads class SMR info:
_java_thread_list=0x00000229077c1840, length=89, elements={
0x00000229439927d0, 0x0000022961588500, 0x0000022961589380, 0x000002296159cc50,
0x000002296159e820, 0x00000229615a11f0, 0x00000229615a9bc0, 0x00000229615ab6a0,
0x00000229616e0620, 0x00000229616f17e0, 0x00000229618089d0, 0x00000229618084c0,
0x00000229618093f0, 0x0000022961809900, 0x0000022961808ee0, 0x0000022961807fb0,
0x0000022961809e10, 0x000002296180a320, 0x000002296180a830, 0x000002296180ad40,
0x000002296180b250, 0x000002296180b760, 0x000002297e9720e0, 0x000002297e977c00,
0x000002297e972b00, 0x000002297e976cd0, 0x000002297e9776f0, 0x000002297e9716c0,
0x000002297e973520, 0x000002297e9762b0, 0x000002297e978110, 0x000002297e974e70,
0x000002297e9725f0, 0x000002297e973a30, 0x000002297e973f40, 0x000002297e974960,
0x000002297e975da0, 0x000002297e978620, 0x000002297e975380, 0x000002297e975890,
0x000002297e9711b0, 0x000002297e978b30, 0x000002297de942e0, 0x000002297de92ea0,
0x000002297de95c30, 0x000002297de97a90, 0x000002297de96b60, 0x000002297de95720,
0x000002297de933b0, 0x000002297de938c0, 0x000002297de947f0, 0x000002297de94d00,
0x000002297de97fa0, 0x000002297de984b0, 0x000002297de96140, 0x000002297de989c0,
0x000002297de97070, 0x000002297de95210, 0x000002297de96650, 0x000002297de99e00,
0x000002297de97580, 0x000002297de93dd0, 0x000002297de998f0, 0x000002297de98ed0,
0x000002297de993e0, 0x000002297de92990, 0x000002297de9a310, 0x000002297de9cdf0,
0x000002297de9d300, 0x000002297de9f670, 0x000002297dea0fc0, 0x000002297de9dd20,
0x000002297de9e230, 0x000002297dea05a0, 0x000002297de9bec0, 0x000002297dea1ef0,
0x000002297dea2400, 0x000002297de9ec50, 0x000002297de9c3d0, 0x000002297de9b9b0,
0x000002297de9f160, 0x000002297de9fb80, 0x000002297dea0090, 0x000002297dea2e20,
0x000002297dea3330, 0x000002297de9c8e0, 0x0000022905322060, 0x000002290451f5b0,
0x000002290531edc0
}

Java Threads: ( => current thread )
  0x00000229439927d0 JavaThread "main" [_thread_blocked, id=8504, stack(0x0000003e17900000,0x0000003e17a00000)]
  0x0000022961588500 JavaThread "Reference Handler" daemon [_thread_blocked, id=4736, stack(0x0000003e18000000,0x0000003e18100000)]
  0x0000022961589380 JavaThread "Finalizer" daemon [_thread_blocked, id=14708, stack(0x0000003e18100000,0x0000003e18200000)]
  0x000002296159cc50 JavaThread "Signal Dispatcher" daemon [_thread_blocked, id=12608, stack(0x0000003e18200000,0x0000003e18300000)]
  0x000002296159e820 JavaThread "Attach Listener" daemon [_thread_blocked, id=3344, stack(0x0000003e18300000,0x0000003e18400000)]
  0x00000229615a11f0 JavaThread "Service Thread" daemon [_thread_blocked, id=6372, stack(0x0000003e18400000,0x0000003e18500000)]
  0x00000229615a9bc0 JavaThread "Monitor Deflation Thread" daemon [_thread_blocked, id=15800, stack(0x0000003e18500000,0x0000003e18600000)]
  0x00000229615ab6a0 JavaThread "C2 CompilerThread0" daemon [_thread_in_native, id=14900, stack(0x0000003e18600000,0x0000003e18700000)]
  0x00000229616e0620 JavaThread "C1 CompilerThread0" daemon [_thread_blocked, id=4952, stack(0x0000003e18700000,0x0000003e18800000)]
  0x00000229616f17e0 JavaThread "Sweeper thread" daemon [_thread_blocked, id=8252, stack(0x0000003e18800000,0x0000003e18900000)]
  0x00000229618089d0 JavaThread "Common-Cleaner" daemon [_thread_blocked, id=7868, stack(0x0000003e18900000,0x0000003e18a00000)]
  0x00000229618084c0 JavaThread "Notification Thread" daemon [_thread_blocked, id=16940, stack(0x0000003e18a00000,0x0000003e18b00000)]
  0x00000229618093f0 JavaThread "Daemon health stats" [_thread_blocked, id=6812, stack(0x0000003e19000000,0x0000003e19100000)]
  0x0000022961809900 JavaThread "Incoming local TCP Connector on port 62977" [_thread_in_native, id=13292, stack(0x0000003e18c00000,0x0000003e18d00000)]
  0x0000022961808ee0 JavaThread "Daemon periodic checks" [_thread_blocked, id=10056, stack(0x0000003e19100000,0x0000003e19200000)]
  0x0000022961807fb0 JavaThread "Daemon" [_thread_blocked, id=16736, stack(0x0000003e19300000,0x0000003e19400000)]
  0x0000022961809e10 JavaThread "Handler for socket connection from /127.0.0.1:62977 to /127.0.0.1:62978" [_thread_in_native, id=6784, stack(0x0000003e19400000,0x0000003e19500000)]
  0x000002296180a320 JavaThread "Cancel handler" [_thread_blocked, id=1912, stack(0x0000003e19200000,0x0000003e19300000)]
  0x000002296180a830 JavaThread "Daemon worker" [_thread_blocked, id=14964, stack(0x0000003e19500000,0x0000003e19600000)]
  0x000002296180ad40 JavaThread "Asynchronous log dispatcher for DefaultDaemonConnection: socket connection from /127.0.0.1:62977 to /127.0.0.1:62978" [_thread_blocked, id=10780, stack(0x0000003e19600000,0x0000003e19700000)]
  0x000002296180b250 JavaThread "Stdin handler" [_thread_blocked, id=14832, stack(0x0000003e19700000,0x0000003e19800000)]
  0x000002296180b760 JavaThread "Daemon client event forwarder" [_thread_blocked, id=2432, stack(0x0000003e19800000,0x0000003e19900000)]
  0x000002297e9720e0 JavaThread "Cache worker for journal cache (C:\Users\harsh\.gradle\caches\journal-1)" [_thread_blocked, id=4692, stack(0x0000003e19900000,0x0000003e19a00000)]
  0x000002297e977c00 JavaThread "File lock request listener" [_thread_in_native, id=10520, stack(0x0000003e19a00000,0x0000003e19b00000)]
  0x000002297e972b00 JavaThread "Cache worker for file hash cache (C:\Users\harsh\.gradle\caches\8.0.1\fileHashes)" [_thread_in_Java, id=7328, stack(0x0000003e19c00000,0x0000003e19d00000)]
  0x000002297e976cd0 JavaThread "File watcher server" daemon [_thread_in_native, id=9288, stack(0x0000003e19d00000,0x0000003e19e00000)]
  0x000002297e9776f0 JavaThread "File watcher consumer" daemon [_thread_blocked, id=17084, stack(0x0000003e19e00000,0x0000003e19f00000)]
  0x000002297e9716c0 JavaThread "Cache worker for checksums cache (F:\React\RSVR_Assessment\ReactNative\RsvrAssessment\android\.gradle\8.0.1\checksums)" [_thread_blocked, id=3852, stack(0x0000003e19b00000,0x0000003e19c00000)]
  0x000002297e973520 JavaThread "Cache worker for cache directory md-rule (C:\Users\harsh\.gradle\caches\8.0.1\md-rule)" [_thread_blocked, id=12204, stack(0x0000003e19f00000,0x0000003e1a000000)]
  0x000002297e9762b0 JavaThread "Cache worker for file content cache (C:\Users\harsh\.gradle\caches\8.0.1\fileContent)" [_thread_blocked, id=7752, stack(0x0000003e1a100000,0x0000003e1a200000)]
  0x000002297e978110 JavaThread "Cache worker for file hash cache (F:\React\RSVR_Assessment\ReactNative\RsvrAssessment\android\.gradle\8.0.1\fileHashes)" [_thread_blocked, id=14048, stack(0x0000003e1a200000,0x0000003e1a300000)]
  0x000002297e974e70 JavaThread "Cache worker for cache directory md-supplier (C:\Users\harsh\.gradle\caches\8.0.1\md-supplier)" [_thread_blocked, id=10360, stack(0x0000003e1a300000,0x0000003e1a400000)]
  0x000002297e9725f0 JavaThread "Cache worker for execution history cache (C:\Users\harsh\.gradle\caches\8.0.1\executionHistory)" [_thread_blocked, id=10344, stack(0x0000003e1a000000,0x0000003e1a100000)]
  0x000002297e973a30 JavaThread "jar transforms" [_thread_blocked, id=9264, stack(0x0000003e1a500000,0x0000003e1a600000)]
  0x000002297e973f40 JavaThread "jar transforms Thread 2" [_thread_blocked, id=5868, stack(0x0000003e1a600000,0x0000003e1a700000)]
  0x000002297e974960 JavaThread "jar transforms Thread 3" [_thread_blocked, id=9892, stack(0x0000003e1a700000,0x0000003e1a800000)]
  0x000002297e975da0 JavaThread "jar transforms Thread 4" [_thread_blocked, id=5264, stack(0x0000003e1a800000,0x0000003e1a900000)]
  0x000002297e978620 JavaThread "Cache worker for kotlin-dsl (C:\Users\harsh\.gradle\caches\8.0.1\kotlin-dsl)" [_thread_blocked, id=14868, stack(0x0000003e1a900000,0x0000003e1aa00000)]
  0x000002297e975380 JavaThread "Cache worker for dependencies-accessors (F:\React\RSVR_Assessment\ReactNative\RsvrAssessment\android\.gradle\8.0.1\dependencies-accessors)" [_thread_blocked, id=208, stack(0x0000003e1aa00000,0x0000003e1ab00000)]
  0x000002297e975890 JavaThread "Cache worker for Build Output Cleanup Cache (F:\React\RSVR_Assessment\ReactNative\RsvrAssessment\node_modules\@react-native\gradle-plugin\.gradle\buildOutputCleanup)" [_thread_blocked, id=3740, stack(0x0000003e1ab00000,0x0000003e1ac00000)]
  0x000002297e9711b0 JavaThread "Unconstrained build operations" [_thread_blocked, id=4684, stack(0x0000003e1ac00000,0x0000003e1ad00000)]
  0x000002297e978b30 JavaThread "Unconstrained build operations Thread 2" [_thread_blocked, id=12616, stack(0x0000003e1ad00000,0x0000003e1ae00000)]
  0x000002297de942e0 JavaThread "Unconstrained build operations Thread 3" [_thread_blocked, id=2808, stack(0x0000003e1ae00000,0x0000003e1af00000)]
  0x000002297de92ea0 JavaThread "Unconstrained build operations Thread 4" [_thread_blocked, id=9924, stack(0x0000003e1af00000,0x0000003e1b000000)]
  0x000002297de95c30 JavaThread "Unconstrained build operations Thread 5" [_thread_blocked, id=11168, stack(0x0000003e1b000000,0x0000003e1b100000)]
  0x000002297de97a90 JavaThread "Unconstrained build operations Thread 6" [_thread_blocked, id=13872, stack(0x0000003e1b100000,0x0000003e1b200000)]
  0x000002297de96b60 JavaThread "Unconstrained build operations Thread 7" [_thread_blocked, id=8284, stack(0x0000003e1b200000,0x0000003e1b300000)]
  0x000002297de95720 JavaThread "Unconstrained build operations Thread 8" [_thread_blocked, id=7636, stack(0x0000003e1b300000,0x0000003e1b400000)]
  0x000002297de933b0 JavaThread "Unconstrained build operations Thread 9" [_thread_blocked, id=6096, stack(0x0000003e1b400000,0x0000003e1b500000)]
  0x000002297de938c0 JavaThread "Unconstrained build operations Thread 10" [_thread_blocked, id=13100, stack(0x0000003e1b500000,0x0000003e1b600000)]
  0x000002297de947f0 JavaThread "Unconstrained build operations Thread 11" [_thread_blocked, id=12604, stack(0x0000003e1b600000,0x0000003e1b700000)]
  0x000002297de94d00 JavaThread "Unconstrained build operations Thread 12" [_thread_blocked, id=11696, stack(0x0000003e1b700000,0x0000003e1b800000)]
  0x000002297de97fa0 JavaThread "Unconstrained build operations Thread 13" [_thread_blocked, id=16004, stack(0x0000003e1b800000,0x0000003e1b900000)]
  0x000002297de984b0 JavaThread "Unconstrained build operations Thread 14" [_thread_in_native, id=13048, stack(0x0000003e1b900000,0x0000003e1ba00000)]
  0x000002297de96140 JavaThread "Unconstrained build operations Thread 15" [_thread_blocked, id=10048, stack(0x0000003e1ba00000,0x0000003e1bb00000)]
  0x000002297de989c0 JavaThread "Unconstrained build operations Thread 16" [_thread_blocked, id=11676, stack(0x0000003e1bb00000,0x0000003e1bc00000)]
  0x000002297de97070 JavaThread "Unconstrained build operations Thread 17" [_thread_blocked, id=11412, stack(0x0000003e1bc00000,0x0000003e1bd00000)]
  0x000002297de95210 JavaThread "Unconstrained build operations Thread 18" [_thread_blocked, id=14464, stack(0x0000003e1bd00000,0x0000003e1be00000)]
  0x000002297de96650 JavaThread "Unconstrained build operations Thread 19" [_thread_blocked, id=4304, stack(0x0000003e1be00000,0x0000003e1bf00000)]
  0x000002297de99e00 JavaThread "Unconstrained build operations Thread 20" [_thread_blocked, id=12268, stack(0x0000003e1bf00000,0x0000003e1c000000)]
  0x000002297de97580 JavaThread "Unconstrained build operations Thread 21" [_thread_blocked, id=9084, stack(0x0000003e1c000000,0x0000003e1c100000)]
  0x000002297de93dd0 JavaThread "Unconstrained build operations Thread 22" [_thread_blocked, id=9472, stack(0x0000003e1c100000,0x0000003e1c200000)]
  0x000002297de998f0 JavaThread "Unconstrained build operations Thread 23" [_thread_blocked, id=11908, stack(0x0000003e1c200000,0x0000003e1c300000)]
  0x000002297de98ed0 JavaThread "Unconstrained build operations Thread 24" [_thread_blocked, id=14316, stack(0x0000003e1c300000,0x0000003e1c400000)]
  0x000002297de993e0 JavaThread "Unconstrained build operations Thread 25" [_thread_blocked, id=3924, stack(0x0000003e1c400000,0x0000003e1c500000)]
  0x000002297de92990 JavaThread "Unconstrained build operations Thread 26" [_thread_blocked, id=16128, stack(0x0000003e1c500000,0x0000003e1c600000)]
  0x000002297de9a310 JavaThread "Memory manager" [_thread_blocked, id=6128, stack(0x0000003e1c600000,0x0000003e1c700000)]
  0x000002297de9cdf0 JavaThread "Cache worker for Build Output Cleanup Cache (F:\React\RSVR_Assessment\ReactNative\RsvrAssessment\android\.gradle\buildOutputCleanup)" [_thread_blocked, id=14420, stack(0x0000003e1c700000,0x0000003e1c800000)]
  0x000002297de9d300 JavaThread "included builds" [_thread_blocked, id=12720, stack(0x0000003e1c800000,0x0000003e1c900000)]
  0x000002297de9f670 JavaThread "Execution worker" [_thread_blocked, id=12260, stack(0x0000003e1c900000,0x0000003e1ca00000)]
  0x000002297dea0fc0 JavaThread "Execution worker Thread 2" [_thread_blocked, id=9456, stack(0x0000003e1ca00000,0x0000003e1cb00000)]
  0x000002297de9dd20 JavaThread "Execution worker Thread 3" [_thread_blocked, id=8052, stack(0x0000003e1cb00000,0x0000003e1cc00000)]
  0x000002297de9e230 JavaThread "Cache worker for execution history cache (F:\React\RSVR_Assessment\ReactNative\RsvrAssessment\node_modules\@react-native\gradle-plugin\.gradle\8.0.1\executionHistory)" [_thread_blocked, id=8628, stack(0x0000003e1cc00000,0x0000003e1cd00000)]
  0x000002297dea05a0 JavaThread "Unconstrained build operations Thread 27" [_thread_blocked, id=12292, stack(0x0000003e1a400000,0x0000003e1a500000)]
  0x000002297de9bec0 JavaThread "Unconstrained build operations Thread 28" [_thread_blocked, id=15024, stack(0x0000003e1cd00000,0x0000003e1ce00000)]
  0x000002297dea1ef0 JavaThread "Unconstrained build operations Thread 29" [_thread_blocked, id=12916, stack(0x0000003e1ce00000,0x0000003e1cf00000)]
  0x000002297dea2400 JavaThread "Unconstrained build operations Thread 30" [_thread_blocked, id=14100, stack(0x0000003e1cf00000,0x0000003e1d000000)]
  0x000002297de9ec50 JavaThread "Unconstrained build operations Thread 31" [_thread_blocked, id=13484, stack(0x0000003e1d000000,0x0000003e1d100000)]
  0x000002297de9c3d0 JavaThread "Unconstrained build operations Thread 32" [_thread_blocked, id=16804, stack(0x0000003e1d100000,0x0000003e1d200000)]
  0x000002297de9b9b0 JavaThread "Unconstrained build operations Thread 33" [_thread_blocked, id=1284, stack(0x0000003e1d200000,0x0000003e1d300000)]
  0x000002297de9f160 JavaThread "Unconstrained build operations Thread 34" [_thread_blocked, id=12936, stack(0x0000003e1d300000,0x0000003e1d400000)]
  0x000002297de9fb80 JavaThread "Unconstrained build operations Thread 35" [_thread_blocked, id=14188, stack(0x0000003e1d400000,0x0000003e1d500000)]
  0x000002297dea0090 JavaThread "Unconstrained build operations Thread 36" [_thread_blocked, id=3136, stack(0x0000003e1d500000,0x0000003e1d600000)]
  0x000002297dea2e20 JavaThread "Unconstrained build operations Thread 37" [_thread_blocked, id=7748, stack(0x0000003e1d600000,0x0000003e1d700000)]
  0x000002297dea3330 JavaThread "Unconstrained build operations Thread 38" [_thread_blocked, id=2036, stack(0x0000003e1d700000,0x0000003e1d800000)]
  0x000002297de9c8e0 JavaThread "Unconstrained build operations Thread 39" [_thread_blocked, id=13712, stack(0x0000003e1d800000,0x0000003e1d900000)]
  0x0000022905322060 JavaThread "Unconstrained build operations Thread 40" [_thread_blocked, id=11560, stack(0x0000003e1d900000,0x0000003e1da00000)]
=>0x000002290451f5b0 JavaThread "C2 CompilerThread1" daemon [_thread_in_native, id=9840, stack(0x0000003e1da00000,0x0000003e1db00000)]
  0x000002290531edc0 JavaThread "Cache worker for execution history cache (F:\React\RSVR_Assessment\ReactNative\RsvrAssessment\android\.gradle\8.0.1\executionHistory)" [_thread_blocked, id=6820, stack(0x0000003e1df00000,0x0000003e1e000000)]

Other Threads:
  0x00000229615848f0 VMThread "VM Thread" [stack: 0x0000003e17f00000,0x0000003e18000000] [id=1296]
  0x0000022961810dc0 WatcherThread [stack: 0x0000003e18b00000,0x0000003e18c00000] [id=7676]
  0x00000229439ee210 GCTaskThread "GC Thread#0" [stack: 0x0000003e17a00000,0x0000003e17b00000] [id=11508]
  0x000002297d781bf0 GCTaskThread "GC Thread#1" [stack: 0x0000003e18d00000,0x0000003e18e00000] [id=3264]
  0x000002297d4873c0 GCTaskThread "GC Thread#2" [stack: 0x0000003e18e00000,0x0000003e18f00000] [id=9912]
  0x000002297d487680 GCTaskThread "GC Thread#3" [stack: 0x0000003e18f00000,0x0000003e19000000] [id=13940]
  0x00000229439ff900 ConcurrentGCThread "G1 Main Marker" [stack: 0x0000003e17b00000,0x0000003e17c00000] [id=8032]
  0x0000022943a00310 ConcurrentGCThread "G1 Conc#0" [stack: 0x0000003e17c00000,0x0000003e17d00000] [id=7488]
  0x000002296143e150 ConcurrentGCThread "G1 Refine#0" [stack: 0x0000003e17d00000,0x0000003e17e00000] [id=14364]
  0x0000022907465330 ConcurrentGCThread "G1 Refine#1" [stack: 0x0000003e1dd00000,0x0000003e1de00000] [id=9820]
  0x00000229074635d0 ConcurrentGCThread "G1 Refine#2" [stack: 0x0000003e1de00000,0x0000003e1df00000] [id=3644]
  0x000002296143e990 ConcurrentGCThread "G1 Service" [stack: 0x0000003e17e00000,0x0000003e17f00000] [id=6092]

Threads with active compile tasks:
C2 CompilerThread0    52910 14168   !   4       org.gradle.cache.internal.btree.BTreePersistentIndexedCache::get (57 bytes)
C2 CompilerThread1    52910 14163   !   4       org.gradle.cache.internal.DefaultMultiProcessSafePersistentIndexedCache::getIfPresent (25 bytes)

VM state: not at safepoint (normal execution)

VM Mutex/Monitor currently owned by a thread: None

Heap address: 0x0000000080000000, size: 2048 MB, Compressed Oops mode: 32-bit

CDS archive(s) mapped at: [0x0000022962000000-0x0000022962bd0000-0x0000022962bd0000), size 12386304, SharedBaseAddress: 0x0000022962000000, ArchiveRelocationMode: 1.
Compressed class space mapped at: 0x0000022963000000-0x000002297d000000, reserved size: 436207616
Narrow klass base: 0x0000022962000000, Narrow klass shift: 0, Narrow klass range: 0x100000000

GC Precious Log:
 CPUs: 4 total, 4 available
 Memory: 16282M
 Large Page Support: Disabled
 NUMA Support: Disabled
 Compressed Oops: Enabled (32-bit)
 Heap Region Size: 1M
 Heap Min Capacity: 8M
 Heap Initial Capacity: 256M
 Heap Max Capacity: 2G
 Pre-touch: Disabled
 Parallel Workers: 4
 Concurrent Workers: 1
 Concurrent Refinement Workers: 4
 Periodic GC: Disabled

Heap:
 garbage-first heap   total 290816K, used 230972K [0x0000000080000000, 0x0000000100000000)
  region size 1024K, 78 young (79872K), 7 survivors (7168K)
 Metaspace       used 96751K, committed 97728K, reserved 557056K
  class space    used 13320K, committed 13760K, reserved 425984K

Heap Regions: E=young(eden), S=young(survivor), O=old, HS=humongous(starts), HC=humongous(continues), CS=collection set, F=free, OA=open archive, CA=closed archive, TAMS=top-at-mark-start (previous, next)
|   0|0x0000000080000000, 0x0000000080100000, 0x0000000080100000|100%| O|  |TAMS 0x0000000080100000, 0x0000000080000000| Untracked 
|   1|0x0000000080100000, 0x0000000080200000, 0x0000000080200000|100%| O|  |TAMS 0x0000000080200000, 0x0000000080100000| Untracked 
|   2|0x0000000080200000, 0x0000000080300000, 0x0000000080300000|100%|HS|  |TAMS 0x0000000080300000, 0x0000000080200000| Complete 
|   3|0x0000000080300000, 0x0000000080400000, 0x0000000080400000|100%|HC|  |TAMS 0x0000000080400000, 0x0000000080300000| Complete 
|   4|0x0000000080400000, 0x0000000080500000, 0x0000000080500000|100%|HC|  |TAMS 0x0000000080500000, 0x0000000080400000| Complete 
|   5|0x0000000080500000, 0x0000000080600000, 0x0000000080600000|100%|HC|  |TAMS 0x0000000080600000, 0x0000000080500000| Complete 
|   6|0x0000000080600000, 0x0000000080700000, 0x0000000080700000|100%| O|  |TAMS 0x0000000080700000, 0x0000000080600000| Untracked 
|   7|0x0000000080700000, 0x0000000080800000, 0x0000000080800000|100%| O|  |TAMS 0x0000000080800000, 0x0000000080700000| Untracked 
|   8|0x0000000080800000, 0x0000000080900000, 0x0000000080900000|100%| O|  |TAMS 0x0000000080900000, 0x0000000080800000| Untracked 
|   9|0x0000000080900000, 0x0000000080a00000, 0x0000000080a00000|100%| O|  |TAMS 0x0000000080a00000, 0x0000000080900000| Untracked 
|  10|0x0000000080a00000, 0x0000000080b00000, 0x0000000080b00000|100%| O|  |TAMS 0x0000000080b00000, 0x0000000080a00000| Untracked 
|  11|0x0000000080b00000, 0x0000000080c00000, 0x0000000080c00000|100%| O|  |TAMS 0x0000000080c00000, 0x0000000080b00000| Untracked 
|  12|0x0000000080c00000, 0x0000000080d00000, 0x0000000080d00000|100%| O|  |TAMS 0x0000000080d00000, 0x0000000080c00000| Untracked 
|  13|0x0000000080d00000, 0x0000000080e00000, 0x0000000080e00000|100%| O|  |TAMS 0x0000000080e00000, 0x0000000080d00000| Untracked 
|  14|0x0000000080e00000, 0x0000000080f00000, 0x0000000080f00000|100%| O|  |TAMS 0x0000000080f00000, 0x0000000080e00000| Untracked 
|  15|0x0000000080f00000, 0x0000000081000000, 0x0000000081000000|100%| O|  |TAMS 0x0000000081000000, 0x0000000080f00000| Untracked 
|  16|0x0000000081000000, 0x0000000081100000, 0x0000000081100000|100%| O|  |TAMS 0x0000000081100000, 0x0000000081000000| Untracked 
|  17|0x0000000081100000, 0x0000000081200000, 0x0000000081200000|100%| O|  |TAMS 0x0000000081200000, 0x0000000081100000| Untracked 
|  18|0x0000000081200000, 0x0000000081300000, 0x0000000081300000|100%| O|  |TAMS 0x0000000081300000, 0x0000000081200000| Untracked 
|  19|0x0000000081300000, 0x0000000081400000, 0x0000000081400000|100%| O|  |TAMS 0x0000000081400000, 0x0000000081300000| Untracked 
|  20|0x0000000081400000, 0x0000000081500000, 0x0000000081500000|100%| O|  |TAMS 0x0000000081500000, 0x0000000081400000| Untracked 
|  21|0x0000000081500000, 0x0000000081600000, 0x0000000081600000|100%| O|  |TAMS 0x0000000081600000, 0x0000000081500000| Untracked 
|  22|0x0000000081600000, 0x0000000081700000, 0x0000000081700000|100%| O|  |TAMS 0x0000000081700000, 0x0000000081600000| Untracked 
|  23|0x0000000081700000, 0x0000000081800000, 0x0000000081800000|100%| O|  |TAMS 0x0000000081800000, 0x0000000081700000| Untracked 
|  24|0x0000000081800000, 0x0000000081900000, 0x0000000081900000|100%| O|  |TAMS 0x0000000081900000, 0x0000000081800000| Untracked 
|  25|0x0000000081900000, 0x0000000081a00000, 0x0000000081a00000|100%| O|  |TAMS 0x0000000081a00000, 0x0000000081900000| Untracked 
|  26|0x0000000081a00000, 0x0000000081b00000, 0x0000000081b00000|100%| O|  |TAMS 0x0000000081b00000, 0x0000000081a00000| Untracked 
|  27|0x0000000081b00000, 0x0000000081c00000, 0x0000000081c00000|100%| O|  |TAMS 0x0000000081c00000, 0x0000000081b00000| Untracked 
|  28|0x0000000081c00000, 0x0000000081d00000, 0x0000000081d00000|100%| O|  |TAMS 0x0000000081d00000, 0x0000000081c00000| Untracked 
|  29|0x0000000081d00000, 0x0000000081e00000, 0x0000000081e00000|100%|HS|  |TAMS 0x0000000081d00000, 0x0000000081d00000| Complete 
|  30|0x0000000081e00000, 0x0000000081f00000, 0x0000000081f00000|100%| O|  |TAMS 0x0000000081f00000, 0x0000000081e00000| Untracked 
|  31|0x0000000081f00000, 0x0000000082000000, 0x0000000082000000|100%| O|  |TAMS 0x0000000082000000, 0x0000000081f00000| Untracked 
|  32|0x0000000082000000, 0x0000000082100000, 0x0000000082100000|100%| O|  |TAMS 0x0000000082100000, 0x0000000082000000| Untracked 
|  33|0x0000000082100000, 0x0000000082200000, 0x0000000082200000|100%| O|  |TAMS 0x0000000082200000, 0x0000000082100000| Untracked 
|  34|0x0000000082200000, 0x0000000082300000, 0x0000000082300000|100%|HS|  |TAMS 0x0000000082300000, 0x0000000082200000| Complete 
|  35|0x0000000082300000, 0x0000000082400000, 0x0000000082400000|100%|HC|  |TAMS 0x0000000082400000, 0x0000000082300000| Complete 
|  36|0x0000000082400000, 0x0000000082500000, 0x0000000082500000|100%| O|  |TAMS 0x0000000082500000, 0x0000000082400000| Untracked 
|  37|0x0000000082500000, 0x0000000082600000, 0x0000000082600000|100%|HS|  |TAMS 0x0000000082600000, 0x0000000082500000| Complete 
|  38|0x0000000082600000, 0x0000000082700000, 0x0000000082700000|100%|HC|  |TAMS 0x0000000082700000, 0x0000000082600000| Complete 
|  39|0x0000000082700000, 0x0000000082800000, 0x0000000082800000|100%|HC|  |TAMS 0x0000000082800000, 0x0000000082700000| Complete 
|  40|0x0000000082800000, 0x0000000082900000, 0x0000000082900000|100%|HC|  |TAMS 0x0000000082900000, 0x0000000082800000| Complete 
|  41|0x0000000082900000, 0x0000000082a00000, 0x0000000082a00000|100%| O|  |TAMS 0x0000000082a00000, 0x0000000082900000| Untracked 
|  42|0x0000000082a00000, 0x0000000082b00000, 0x0000000082b00000|100%| O|  |TAMS 0x0000000082b00000, 0x0000000082a00000| Untracked 
|  43|0x0000000082b00000, 0x0000000082c00000, 0x0000000082c00000|100%| O|  |TAMS 0x0000000082c00000, 0x0000000082b00000| Untracked 
|  44|0x0000000082c00000, 0x0000000082d00000, 0x0000000082d00000|100%| O|  |TAMS 0x0000000082d00000, 0x0000000082c00000| Untracked 
|  45|0x0000000082d00000, 0x0000000082e00000, 0x0000000082e00000|100%| O|  |TAMS 0x0000000082e00000, 0x0000000082d00000| Untracked 
|  46|0x0000000082e00000, 0x0000000082f00000, 0x0000000082f00000|100%| O|  |TAMS 0x0000000082f00000, 0x0000000082e00000| Untracked 
|  47|0x0000000082f00000, 0x0000000083000000, 0x0000000083000000|100%| O|  |TAMS 0x0000000083000000, 0x0000000082f00000| Untracked 
|  48|0x0000000083000000, 0x0000000083100000, 0x0000000083100000|100%| O|  |TAMS 0x0000000083100000, 0x0000000083000000| Untracked 
|  49|0x0000000083100000, 0x0000000083200000, 0x0000000083200000|100%| O|  |TAMS 0x0000000083200000, 0x0000000083100000| Untracked 
|  50|0x0000000083200000, 0x0000000083300000, 0x0000000083300000|100%| O|  |TAMS 0x0000000083300000, 0x0000000083200000| Untracked 
|  51|0x0000000083300000, 0x0000000083400000, 0x0000000083400000|100%| O|  |TAMS 0x0000000083400000, 0x0000000083300000| Untracked 
|  52|0x0000000083400000, 0x0000000083500000, 0x0000000083500000|100%| O|  |TAMS 0x0000000083500000, 0x0000000083400000| Untracked 
|  53|0x0000000083500000, 0x0000000083600000, 0x0000000083600000|100%| O|  |TAMS 0x0000000083600000, 0x0000000083500000| Untracked 
|  54|0x0000000083600000, 0x0000000083700000, 0x0000000083700000|100%| O|  |TAMS 0x0000000083700000, 0x0000000083600000| Untracked 
|  55|0x0000000083700000, 0x0000000083800000, 0x0000000083800000|100%| O|  |TAMS 0x0000000083800000, 0x0000000083700000| Untracked 
|  56|0x0000000083800000, 0x0000000083900000, 0x0000000083900000|100%| O|  |TAMS 0x0000000083900000, 0x0000000083800000| Untracked 
|  57|0x0000000083900000, 0x0000000083a00000, 0x0000000083a00000|100%| O|  |TAMS 0x0000000083a00000, 0x0000000083900000| Untracked 
|  58|0x0000000083a00000, 0x0000000083b00000, 0x0000000083b00000|100%|HS|  |TAMS 0x0000000083b00000, 0x0000000083a00000| Complete 
|  59|0x0000000083b00000, 0x0000000083c00000, 0x0000000083c00000|100%|HS|  |TAMS 0x0000000083c00000, 0x0000000083b00000| Complete 
|  60|0x0000000083c00000, 0x0000000083d00000, 0x0000000083d00000|100%| O|  |TAMS 0x0000000083d00000, 0x0000000083c00000| Untracked 
|  61|0x0000000083d00000, 0x0000000083e00000, 0x0000000083e00000|100%| O|  |TAMS 0x0000000083e00000, 0x0000000083d00000| Untracked 
|  62|0x0000000083e00000, 0x0000000083f00000, 0x0000000083f00000|100%| O|  |TAMS 0x0000000083f00000, 0x0000000083e00000| Untracked 
|  63|0x0000000083f00000, 0x0000000084000000, 0x0000000084000000|100%| O|  |TAMS 0x0000000084000000, 0x0000000083f00000| Untracked 
|  64|0x0000000084000000, 0x0000000084100000, 0x0000000084100000|100%| O|  |TAMS 0x0000000084100000, 0x0000000084000000| Untracked 
|  65|0x0000000084100000, 0x0000000084200000, 0x0000000084200000|100%| O|  |TAMS 0x0000000084200000, 0x0000000084100000| Untracked 
|  66|0x0000000084200000, 0x0000000084300000, 0x0000000084300000|100%| O|  |TAMS 0x0000000084300000, 0x0000000084200000| Untracked 
|  67|0x0000000084300000, 0x0000000084400000, 0x0000000084400000|100%| O|  |TAMS 0x0000000084400000, 0x0000000084300000| Untracked 
|  68|0x0000000084400000, 0x0000000084500000, 0x0000000084500000|100%| O|  |TAMS 0x0000000084500000, 0x0000000084400000| Untracked 
|  69|0x0000000084500000, 0x0000000084600000, 0x0000000084600000|100%| O|  |TAMS 0x0000000084600000, 0x0000000084500000| Untracked 
|  70|0x0000000084600000, 0x0000000084700000, 0x0000000084700000|100%| O|  |TAMS 0x0000000084700000, 0x0000000084600000| Untracked 
|  71|0x0000000084700000, 0x0000000084800000, 0x0000000084800000|100%| O|  |TAMS 0x0000000084800000, 0x0000000084700000| Untracked 
|  72|0x0000000084800000, 0x0000000084900000, 0x0000000084900000|100%| O|  |TAMS 0x0000000084900000, 0x0000000084800000| Untracked 
|  73|0x0000000084900000, 0x0000000084a00000, 0x0000000084a00000|100%| O|  |TAMS 0x0000000084a00000, 0x0000000084900000| Untracked 
|  74|0x0000000084a00000, 0x0000000084b00000, 0x0000000084b00000|100%| O|  |TAMS 0x0000000084b00000, 0x0000000084a00000| Untracked 
|  75|0x0000000084b00000, 0x0000000084c00000, 0x0000000084c00000|100%| O|  |TAMS 0x0000000084c00000, 0x0000000084b00000| Untracked 
|  76|0x0000000084c00000, 0x0000000084d00000, 0x0000000084d00000|100%| O|  |TAMS 0x0000000084d00000, 0x0000000084c00000| Untracked 
|  77|0x0000000084d00000, 0x0000000084e00000, 0x0000000084e00000|100%|HS|  |TAMS 0x0000000084d00000, 0x0000000084d00000| Complete 
|  78|0x0000000084e00000, 0x0000000084f00000, 0x0000000084f00000|100%|HS|  |TAMS 0x0000000084e00000, 0x0000000084e00000| Complete 
|  79|0x0000000084f00000, 0x0000000085000000, 0x0000000085000000|100%|HS|  |TAMS 0x0000000084f00000, 0x0000000084f00000| Complete 
|  80|0x0000000085000000, 0x0000000085100000, 0x0000000085100000|100%|HS|  |TAMS 0x0000000085000000, 0x0000000085000000| Complete 
|  81|0x0000000085100000, 0x0000000085200000, 0x0000000085200000|100%|HC|  |TAMS 0x0000000085100000, 0x0000000085100000| Complete 
|  82|0x0000000085200000, 0x0000000085300000, 0x0000000085300000|100%|HC|  |TAMS 0x0000000085200000, 0x0000000085200000| Complete 
|  83|0x0000000085300000, 0x0000000085400000, 0x0000000085400000|100%| O|  |TAMS 0x0000000085300000, 0x0000000085300000| Untracked 
|  84|0x0000000085400000, 0x0000000085500000, 0x0000000085500000|100%|HS|  |TAMS 0x0000000085400000, 0x0000000085400000| Complete 
|  85|0x0000000085500000, 0x0000000085600000, 0x0000000085600000|100%|HC|  |TAMS 0x0000000085500000, 0x0000000085500000| Complete 
|  86|0x0000000085600000, 0x0000000085700000, 0x0000000085700000|100%|HS|  |TAMS 0x0000000085600000, 0x0000000085600000| Complete 
|  87|0x0000000085700000, 0x0000000085800000, 0x0000000085800000|100%|HC|  |TAMS 0x0000000085700000, 0x0000000085700000| Complete 
|  88|0x0000000085800000, 0x0000000085900000, 0x0000000085900000|100%|HS|  |TAMS 0x0000000085800000, 0x0000000085800000| Complete 
|  89|0x0000000085900000, 0x0000000085a00000, 0x0000000085a00000|100%|HS|  |TAMS 0x0000000085900000, 0x0000000085900000| Complete 
|  90|0x0000000085a00000, 0x0000000085b00000, 0x0000000085b00000|100%|HC|  |TAMS 0x0000000085a00000, 0x0000000085a00000| Complete 
|  91|0x0000000085b00000, 0x0000000085c00000, 0x0000000085c00000|100%|HC|  |TAMS 0x0000000085b00000, 0x0000000085b00000| Complete 
|  92|0x0000000085c00000, 0x0000000085d00000, 0x0000000085d00000|100%|HC|  |TAMS 0x0000000085c00000, 0x0000000085c00000| Complete 
|  93|0x0000000085d00000, 0x0000000085e00000, 0x0000000085e00000|100%| O|  |TAMS 0x0000000085d00000, 0x0000000085d00000| Untracked 
|  94|0x0000000085e00000, 0x0000000085f00000, 0x0000000085f00000|100%| O|  |TAMS 0x0000000085e00000, 0x0000000085e00000| Untracked 
|  95|0x0000000085f00000, 0x0000000086000000, 0x0000000086000000|100%| O|  |TAMS 0x0000000085f00000, 0x0000000085f00000| Untracked 
|  96|0x0000000086000000, 0x0000000086100000, 0x0000000086100000|100%| O|  |TAMS 0x0000000086000000, 0x0000000086000000| Untracked 
|  97|0x0000000086100000, 0x0000000086200000, 0x0000000086200000|100%| O|  |TAMS 0x0000000086100000, 0x0000000086100000| Untracked 
|  98|0x0000000086200000, 0x0000000086300000, 0x0000000086300000|100%| O|  |TAMS 0x0000000086200000, 0x0000000086200000| Untracked 
|  99|0x0000000086300000, 0x0000000086400000, 0x0000000086400000|100%| O|  |TAMS 0x0000000086300000, 0x0000000086300000| Untracked 
| 100|0x0000000086400000, 0x0000000086500000, 0x0000000086500000|100%| O|  |TAMS 0x0000000086400000, 0x0000000086400000| Untracked 
| 101|0x0000000086500000, 0x0000000086600000, 0x0000000086600000|100%| O|  |TAMS 0x0000000086500000, 0x0000000086500000| Untracked 
| 102|0x0000000086600000, 0x0000000086700000, 0x0000000086700000|100%| O|  |TAMS 0x0000000086600000, 0x0000000086600000| Untracked 
| 103|0x0000000086700000, 0x0000000086800000, 0x0000000086800000|100%| O|  |TAMS 0x0000000086700000, 0x0000000086700000| Untracked 
| 104|0x0000000086800000, 0x0000000086900000, 0x0000000086900000|100%| O|  |TAMS 0x0000000086800000, 0x0000000086800000| Untracked 
| 105|0x0000000086900000, 0x0000000086a00000, 0x0000000086a00000|100%| O|  |TAMS 0x0000000086900000, 0x0000000086900000| Untracked 
| 106|0x0000000086a00000, 0x0000000086b00000, 0x0000000086b00000|100%| O|  |TAMS 0x0000000086a00000, 0x0000000086a00000| Untracked 
| 107|0x0000000086b00000, 0x0000000086c00000, 0x0000000086c00000|100%| O|  |TAMS 0x0000000086b00000, 0x0000000086b00000| Untracked 
| 108|0x0000000086c00000, 0x0000000086d00000, 0x0000000086d00000|100%| O|  |TAMS 0x0000000086c00000, 0x0000000086c00000| Untracked 
| 109|0x0000000086d00000, 0x0000000086e00000, 0x0000000086e00000|100%| O|  |TAMS 0x0000000086d00000, 0x0000000086d00000| Untracked 
| 110|0x0000000086e00000, 0x0000000086f00000, 0x0000000086f00000|100%| O|  |TAMS 0x0000000086e00000, 0x0000000086e00000| Untracked 
| 111|0x0000000086f00000, 0x0000000087000000, 0x0000000087000000|100%| O|  |TAMS 0x0000000086f00000, 0x0000000086f00000| Untracked 
| 112|0x0000000087000000, 0x0000000087100000, 0x0000000087100000|100%| O|  |TAMS 0x0000000087000000, 0x0000000087000000| Untracked 
| 113|0x0000000087100000, 0x0000000087200000, 0x0000000087200000|100%| O|  |TAMS 0x0000000087100000, 0x0000000087100000| Untracked 
| 114|0x0000000087200000, 0x0000000087300000, 0x0000000087300000|100%|HS|  |TAMS 0x0000000087200000, 0x0000000087200000| Complete 
| 115|0x0000000087300000, 0x0000000087400000, 0x0000000087400000|100%| O|  |TAMS 0x0000000087300000, 0x0000000087300000| Untracked 
| 116|0x0000000087400000, 0x0000000087500000, 0x0000000087500000|100%| O|  |TAMS 0x0000000087400000, 0x0000000087400000| Untracked 
| 117|0x0000000087500000, 0x0000000087600000, 0x0000000087600000|100%| O|  |TAMS 0x0000000087500000, 0x0000000087500000| Untracked 
| 118|0x0000000087600000, 0x0000000087700000, 0x0000000087700000|100%| O|  |TAMS 0x0000000087600000, 0x0000000087600000| Untracked 
| 119|0x0000000087700000, 0x0000000087800000, 0x0000000087800000|100%| O|  |TAMS 0x0000000087700000, 0x0000000087700000| Untracked 
| 120|0x0000000087800000, 0x0000000087900000, 0x0000000087900000|100%| O|  |TAMS 0x0000000087800000, 0x0000000087800000| Untracked 
| 121|0x0000000087900000, 0x0000000087a00000, 0x0000000087a00000|100%| O|  |TAMS 0x0000000087900000, 0x0000000087900000| Untracked 
| 122|0x0000000087a00000, 0x0000000087b00000, 0x0000000087b00000|100%| O|  |TAMS 0x0000000087a00000, 0x0000000087a00000| Untracked 
| 123|0x0000000087b00000, 0x0000000087c00000, 0x0000000087c00000|100%| O|  |TAMS 0x0000000087b00000, 0x0000000087b00000| Untracked 
| 124|0x0000000087c00000, 0x0000000087d00000, 0x0000000087d00000|100%| O|  |TAMS 0x0000000087c00000, 0x0000000087c00000| Untracked 
| 125|0x0000000087d00000, 0x0000000087e00000, 0x0000000087e00000|100%| O|  |TAMS 0x0000000087d00000, 0x0000000087d00000| Untracked 
| 126|0x0000000087e00000, 0x0000000087f00000, 0x0000000087f00000|100%| O|  |TAMS 0x0000000087e00000, 0x0000000087e00000| Untracked 
| 127|0x0000000087f00000, 0x0000000088000000, 0x0000000088000000|100%| O|  |TAMS 0x0000000087f00000, 0x0000000087f00000| Untracked 
| 128|0x0000000088000000, 0x0000000088100000, 0x0000000088100000|100%| O|  |TAMS 0x0000000088000000, 0x0000000088000000| Untracked 
| 129|0x0000000088100000, 0x0000000088200000, 0x0000000088200000|100%| O|  |TAMS 0x0000000088100000, 0x0000000088100000| Untracked 
| 130|0x0000000088200000, 0x0000000088300000, 0x0000000088300000|100%| O|  |TAMS 0x0000000088200000, 0x0000000088200000| Untracked 
| 131|0x0000000088300000, 0x0000000088400000, 0x0000000088400000|100%| O|  |TAMS 0x0000000088300000, 0x0000000088300000| Untracked 
| 132|0x0000000088400000, 0x0000000088500000, 0x0000000088500000|100%| O|  |TAMS 0x0000000088400000, 0x0000000088400000| Untracked 
| 133|0x0000000088500000, 0x0000000088600000, 0x0000000088600000|100%| O|  |TAMS 0x0000000088500000, 0x0000000088500000| Untracked 
| 134|0x0000000088600000, 0x0000000088700000, 0x0000000088700000|100%| O|  |TAMS 0x0000000088600000, 0x0000000088600000| Untracked 
| 135|0x0000000088700000, 0x0000000088800000, 0x0000000088800000|100%| O|  |TAMS 0x0000000088700000, 0x0000000088700000| Untracked 
| 136|0x0000000088800000, 0x0000000088900000, 0x0000000088900000|100%| O|  |TAMS 0x0000000088800000, 0x0000000088800000| Untracked 
| 137|0x0000000088900000, 0x0000000088a00000, 0x0000000088a00000|100%| O|  |TAMS 0x0000000088900000, 0x0000000088900000| Untracked 
| 138|0x0000000088a00000, 0x0000000088b00000, 0x0000000088b00000|100%| O|  |TAMS 0x0000000088a00000, 0x0000000088a00000| Untracked 
| 139|0x0000000088b00000, 0x0000000088c00000, 0x0000000088c00000|100%| O|  |TAMS 0x0000000088b00000, 0x0000000088b00000| Untracked 
| 140|0x0000000088c00000, 0x0000000088d00000, 0x0000000088d00000|100%| O|  |TAMS 0x0000000088c00000, 0x0000000088c00000| Untracked 
| 141|0x0000000088d00000, 0x0000000088e00000, 0x0000000088e00000|100%| O|  |TAMS 0x0000000088d00000, 0x0000000088d00000| Untracked 
| 142|0x0000000088e00000, 0x0000000088f00000, 0x0000000088f00000|100%| O|  |TAMS 0x0000000088e00000, 0x0000000088e00000| Untracked 
| 143|0x0000000088f00000, 0x0000000089000000, 0x0000000089000000|100%| O|  |TAMS 0x0000000088f00000, 0x0000000088f00000| Untracked 
| 144|0x0000000089000000, 0x0000000089100000, 0x0000000089100000|100%| O|  |TAMS 0x0000000089000000, 0x0000000089000000| Untracked 
| 145|0x0000000089100000, 0x00000000891e2e00, 0x0000000089200000| 88%| O|  |TAMS 0x0000000089100000, 0x0000000089100000| Untracked 
| 146|0x0000000089200000, 0x0000000089300000, 0x0000000089300000|100%|HS|  |TAMS 0x0000000089200000, 0x0000000089200000| Complete 
| 147|0x0000000089300000, 0x0000000089400000, 0x0000000089400000|100%|HC|  |TAMS 0x0000000089300000, 0x0000000089300000| Complete 
| 148|0x0000000089400000, 0x0000000089500000, 0x0000000089500000|100%|HS|  |TAMS 0x0000000089400000, 0x0000000089400000| Complete 
| 149|0x0000000089500000, 0x0000000089600000, 0x0000000089600000|100%|HC|  |TAMS 0x0000000089500000, 0x0000000089500000| Complete 
| 150|0x0000000089600000, 0x0000000089600000, 0x0000000089700000|  0%| F|  |TAMS 0x0000000089600000, 0x0000000089600000| Untracked 
| 151|0x0000000089700000, 0x0000000089700000, 0x0000000089800000|  0%| F|  |TAMS 0x0000000089700000, 0x0000000089700000| Untracked 
| 152|0x0000000089800000, 0x0000000089800000, 0x0000000089900000|  0%| F|  |TAMS 0x0000000089800000, 0x0000000089800000| Untracked 
| 153|0x0000000089900000, 0x0000000089900000, 0x0000000089a00000|  0%| F|  |TAMS 0x0000000089900000, 0x0000000089900000| Untracked 
| 154|0x0000000089a00000, 0x0000000089a00000, 0x0000000089b00000|  0%| F|  |TAMS 0x0000000089a00000, 0x0000000089a00000| Untracked 
| 155|0x0000000089b00000, 0x0000000089b00000, 0x0000000089c00000|  0%| F|  |TAMS 0x0000000089b00000, 0x0000000089b00000| Untracked 
| 156|0x0000000089c00000, 0x0000000089c00000, 0x0000000089d00000|  0%| F|  |TAMS 0x0000000089c00000, 0x0000000089c00000| Untracked 
| 157|0x0000000089d00000, 0x0000000089d00000, 0x0000000089e00000|  0%| F|  |TAMS 0x0000000089d00000, 0x0000000089d00000| Untracked 
| 158|0x0000000089e00000, 0x0000000089e00000, 0x0000000089f00000|  0%| F|  |TAMS 0x0000000089e00000, 0x0000000089e00000| Untracked 
| 159|0x0000000089f00000, 0x0000000089f00000, 0x000000008a000000|  0%| F|  |TAMS 0x0000000089f00000, 0x0000000089f00000| Untracked 
| 160|0x000000008a000000, 0x000000008a000000, 0x000000008a100000|  0%| F|  |TAMS 0x000000008a000000, 0x000000008a000000| Untracked 
| 161|0x000000008a100000, 0x000000008a100000, 0x000000008a200000|  0%| F|  |TAMS 0x000000008a100000, 0x000000008a100000| Untracked 
| 162|0x000000008a200000, 0x000000008a200000, 0x000000008a300000|  0%| F|  |TAMS 0x000000008a200000, 0x000000008a200000| Untracked 
| 163|0x000000008a300000, 0x000000008a300000, 0x000000008a400000|  0%| F|  |TAMS 0x000000008a300000, 0x000000008a300000| Untracked 
| 164|0x000000008a400000, 0x000000008a400000, 0x000000008a500000|  0%| F|  |TAMS 0x000000008a400000, 0x000000008a400000| Untracked 
| 165|0x000000008a500000, 0x000000008a500000, 0x000000008a600000|  0%| F|  |TAMS 0x000000008a500000, 0x000000008a500000| Untracked 
| 166|0x000000008a600000, 0x000000008a600000, 0x000000008a700000|  0%| F|  |TAMS 0x000000008a600000, 0x000000008a600000| Untracked 
| 167|0x000000008a700000, 0x000000008a700000, 0x000000008a800000|  0%| F|  |TAMS 0x000000008a700000, 0x000000008a700000| Untracked 
| 168|0x000000008a800000, 0x000000008a800000, 0x000000008a900000|  0%| F|  |TAMS 0x000000008a800000, 0x000000008a800000| Untracked 
| 169|0x000000008a900000, 0x000000008a900000, 0x000000008aa00000|  0%| F|  |TAMS 0x000000008a900000, 0x000000008a900000| Untracked 
| 170|0x000000008aa00000, 0x000000008aa00000, 0x000000008ab00000|  0%| F|  |TAMS 0x000000008aa00000, 0x000000008aa00000| Untracked 
| 171|0x000000008ab00000, 0x000000008ab00000, 0x000000008ac00000|  0%| F|  |TAMS 0x000000008ab00000, 0x000000008ab00000| Untracked 
| 172|0x000000008ac00000, 0x000000008ac00000, 0x000000008ad00000|  0%| F|  |TAMS 0x000000008ac00000, 0x000000008ac00000| Untracked 
| 173|0x000000008ad00000, 0x000000008ad00000, 0x000000008ae00000|  0%| F|  |TAMS 0x000000008ad00000, 0x000000008ad00000| Untracked 
| 174|0x000000008ae00000, 0x000000008ae00000, 0x000000008af00000|  0%| F|  |TAMS 0x000000008ae00000, 0x000000008ae00000| Untracked 
| 175|0x000000008af00000, 0x000000008af00000, 0x000000008b000000|  0%| F|  |TAMS 0x000000008af00000, 0x000000008af00000| Untracked 
| 176|0x000000008b000000, 0x000000008b000000, 0x000000008b100000|  0%| F|  |TAMS 0x000000008b000000, 0x000000008b000000| Untracked 
| 177|0x000000008b100000, 0x000000008b100000, 0x000000008b200000|  0%| F|  |TAMS 0x000000008b100000, 0x000000008b100000| Untracked 
| 178|0x000000008b200000, 0x000000008b200000, 0x000000008b300000|  0%| F|  |TAMS 0x000000008b200000, 0x000000008b200000| Untracked 
| 179|0x000000008b300000, 0x000000008b300000, 0x000000008b400000|  0%| F|  |TAMS 0x000000008b300000, 0x000000008b300000| Untracked 
| 180|0x000000008b400000, 0x000000008b400000, 0x000000008b500000|  0%| F|  |TAMS 0x000000008b400000, 0x000000008b400000| Untracked 
| 181|0x000000008b500000, 0x000000008b500000, 0x000000008b600000|  0%| F|  |TAMS 0x000000008b500000, 0x000000008b500000| Untracked 
| 182|0x000000008b600000, 0x000000008b600000, 0x000000008b700000|  0%| F|  |TAMS 0x000000008b600000, 0x000000008b600000| Untracked 
| 183|0x000000008b700000, 0x000000008b700000, 0x000000008b800000|  0%| F|  |TAMS 0x000000008b700000, 0x000000008b700000| Untracked 
| 184|0x000000008b800000, 0x000000008b800000, 0x000000008b900000|  0%| F|  |TAMS 0x000000008b800000, 0x000000008b800000| Untracked 
| 185|0x000000008b900000, 0x000000008b900000, 0x000000008ba00000|  0%| F|  |TAMS 0x000000008b900000, 0x000000008b900000| Untracked 
| 186|0x000000008ba00000, 0x000000008ba00000, 0x000000008bb00000|  0%| F|  |TAMS 0x000000008ba00000, 0x000000008ba00000| Untracked 
| 187|0x000000008bb00000, 0x000000008bb00000, 0x000000008bc00000|  0%| F|  |TAMS 0x000000008bb00000, 0x000000008bb00000| Untracked 
| 188|0x000000008bc00000, 0x000000008bc00000, 0x000000008bd00000|  0%| F|  |TAMS 0x000000008bc00000, 0x000000008bc00000| Untracked 
| 189|0x000000008bd00000, 0x000000008bd00000, 0x000000008be00000|  0%| F|  |TAMS 0x000000008bd00000, 0x000000008bd00000| Untracked 
| 190|0x000000008be00000, 0x000000008be00000, 0x000000008bf00000|  0%| F|  |TAMS 0x000000008be00000, 0x000000008be00000| Untracked 
| 191|0x000000008bf00000, 0x000000008bf00000, 0x000000008c000000|  0%| F|  |TAMS 0x000000008bf00000, 0x000000008bf00000| Untracked 
| 192|0x000000008c000000, 0x000000008c000000, 0x000000008c100000|  0%| F|  |TAMS 0x000000008c000000, 0x000000008c000000| Untracked 
| 193|0x000000008c100000, 0x000000008c100000, 0x000000008c200000|  0%| F|  |TAMS 0x000000008c100000, 0x000000008c100000| Untracked 
| 194|0x000000008c200000, 0x000000008c200000, 0x000000008c300000|  0%| F|  |TAMS 0x000000008c200000, 0x000000008c200000| Untracked 
| 195|0x000000008c300000, 0x000000008c300000, 0x000000008c400000|  0%| F|  |TAMS 0x000000008c300000, 0x000000008c300000| Untracked 
| 196|0x000000008c400000, 0x000000008c400000, 0x000000008c500000|  0%| F|  |TAMS 0x000000008c400000, 0x000000008c400000| Untracked 
| 197|0x000000008c500000, 0x000000008c500000, 0x000000008c600000|  0%| F|  |TAMS 0x000000008c500000, 0x000000008c500000| Untracked 
| 198|0x000000008c600000, 0x000000008c600000, 0x000000008c700000|  0%| F|  |TAMS 0x000000008c600000, 0x000000008c600000| Untracked 
| 199|0x000000008c700000, 0x000000008c700000, 0x000000008c800000|  0%| F|  |TAMS 0x000000008c700000, 0x000000008c700000| Untracked 
| 200|0x000000008c800000, 0x000000008c8ac3f8, 0x000000008c900000| 67%| S|CS|TAMS 0x000000008c800000, 0x000000008c800000| Complete 
| 201|0x000000008c900000, 0x000000008ca00000, 0x000000008ca00000|100%| S|CS|TAMS 0x000000008c900000, 0x000000008c900000| Complete 
| 202|0x000000008ca00000, 0x000000008cb00000, 0x000000008cb00000|100%| S|CS|TAMS 0x000000008ca00000, 0x000000008ca00000| Complete 
| 203|0x000000008cb00000, 0x000000008cc00000, 0x000000008cc00000|100%| S|CS|TAMS 0x000000008cb00000, 0x000000008cb00000| Complete 
| 204|0x000000008cc00000, 0x000000008cd00000, 0x000000008cd00000|100%| S|CS|TAMS 0x000000008cc00000, 0x000000008cc00000| Complete 
| 205|0x000000008cd00000, 0x000000008ce00000, 0x000000008ce00000|100%| S|CS|TAMS 0x000000008cd00000, 0x000000008cd00000| Complete 
| 206|0x000000008ce00000, 0x000000008cf00000, 0x000000008cf00000|100%| S|CS|TAMS 0x000000008ce00000, 0x000000008ce00000| Complete 
| 207|0x000000008cf00000, 0x000000008cf00000, 0x000000008d000000|  0%| F|  |TAMS 0x000000008cf00000, 0x000000008cf00000| Untracked 
| 208|0x000000008d000000, 0x000000008d000000, 0x000000008d100000|  0%| F|  |TAMS 0x000000008d000000, 0x000000008d000000| Untracked 
| 209|0x000000008d100000, 0x000000008d100000, 0x000000008d200000|  0%| F|  |TAMS 0x000000008d100000, 0x000000008d100000| Untracked 
| 210|0x000000008d200000, 0x000000008d200000, 0x000000008d300000|  0%| F|  |TAMS 0x000000008d200000, 0x000000008d200000| Untracked 
| 211|0x000000008d300000, 0x000000008d300000, 0x000000008d400000|  0%| F|  |TAMS 0x000000008d300000, 0x000000008d300000| Untracked 
| 212|0x000000008d400000, 0x000000008d427770, 0x000000008d500000| 15%| E|  |TAMS 0x000000008d400000, 0x000000008d400000| Complete 
| 213|0x000000008d500000, 0x000000008d600000, 0x000000008d600000|100%| E|CS|TAMS 0x000000008d500000, 0x000000008d500000| Complete 
| 214|0x000000008d600000, 0x000000008d700000, 0x000000008d700000|100%| E|CS|TAMS 0x000000008d600000, 0x000000008d600000| Complete 
| 215|0x000000008d700000, 0x000000008d800000, 0x000000008d800000|100%| E|CS|TAMS 0x000000008d700000, 0x000000008d700000| Complete 
| 216|0x000000008d800000, 0x000000008d900000, 0x000000008d900000|100%| E|CS|TAMS 0x000000008d800000, 0x000000008d800000| Complete 
| 217|0x000000008d900000, 0x000000008da00000, 0x000000008da00000|100%| E|CS|TAMS 0x000000008d900000, 0x000000008d900000| Complete 
| 218|0x000000008da00000, 0x000000008db00000, 0x000000008db00000|100%| E|CS|TAMS 0x000000008da00000, 0x000000008da00000| Complete 
| 219|0x000000008db00000, 0x000000008dc00000, 0x000000008dc00000|100%| E|CS|TAMS 0x000000008db00000, 0x000000008db00000| Complete 
| 220|0x000000008dc00000, 0x000000008dd00000, 0x000000008dd00000|100%| E|CS|TAMS 0x000000008dc00000, 0x000000008dc00000| Complete 
| 221|0x000000008dd00000, 0x000000008de00000, 0x000000008de00000|100%| E|CS|TAMS 0x000000008dd00000, 0x000000008dd00000| Complete 
| 222|0x000000008de00000, 0x000000008df00000, 0x000000008df00000|100%| E|CS|TAMS 0x000000008de00000, 0x000000008de00000| Complete 
| 223|0x000000008df00000, 0x000000008e000000, 0x000000008e000000|100%| E|CS|TAMS 0x000000008df00000, 0x000000008df00000| Complete 
| 224|0x000000008e000000, 0x000000008e100000, 0x000000008e100000|100%| E|CS|TAMS 0x000000008e000000, 0x000000008e000000| Complete 
| 225|0x000000008e100000, 0x000000008e200000, 0x000000008e200000|100%| E|CS|TAMS 0x000000008e100000, 0x000000008e100000| Complete 
| 226|0x000000008e200000, 0x000000008e300000, 0x000000008e300000|100%| E|CS|TAMS 0x000000008e200000, 0x000000008e200000| Complete 
| 227|0x000000008e300000, 0x000000008e400000, 0x000000008e400000|100%| E|CS|TAMS 0x000000008e300000, 0x000000008e300000| Complete 
| 228|0x000000008e400000, 0x000000008e500000, 0x000000008e500000|100%| E|CS|TAMS 0x000000008e400000, 0x000000008e400000| Complete 
| 229|0x000000008e500000, 0x000000008e600000, 0x000000008e600000|100%| E|CS|TAMS 0x000000008e500000, 0x000000008e500000| Complete 
| 230|0x000000008e600000, 0x000000008e700000, 0x000000008e700000|100%| E|CS|TAMS 0x000000008e600000, 0x000000008e600000| Complete 
| 231|0x000000008e700000, 0x000000008e800000, 0x000000008e800000|100%| E|CS|TAMS 0x000000008e700000, 0x000000008e700000| Complete 
| 232|0x000000008e800000, 0x000000008e900000, 0x000000008e900000|100%| E|CS|TAMS 0x000000008e800000, 0x000000008e800000| Complete 
| 233|0x000000008e900000, 0x000000008ea00000, 0x000000008ea00000|100%| E|CS|TAMS 0x000000008e900000, 0x000000008e900000| Complete 
| 234|0x000000008ea00000, 0x000000008eb00000, 0x000000008eb00000|100%| E|CS|TAMS 0x000000008ea00000, 0x000000008ea00000| Complete 
| 235|0x000000008eb00000, 0x000000008ec00000, 0x000000008ec00000|100%| E|CS|TAMS 0x000000008eb00000, 0x000000008eb00000| Complete 
| 236|0x000000008ec00000, 0x000000008ed00000, 0x000000008ed00000|100%| E|CS|TAMS 0x000000008ec00000, 0x000000008ec00000| Complete 
| 237|0x000000008ed00000, 0x000000008ee00000, 0x000000008ee00000|100%| E|CS|TAMS 0x000000008ed00000, 0x000000008ed00000| Complete 
| 238|0x000000008ee00000, 0x000000008ef00000, 0x000000008ef00000|100%| E|CS|TAMS 0x000000008ee00000, 0x000000008ee00000| Complete 
| 239|0x000000008ef00000, 0x000000008f000000, 0x000000008f000000|100%| E|CS|TAMS 0x000000008ef00000, 0x000000008ef00000| Complete 
| 240|0x000000008f000000, 0x000000008f100000, 0x000000008f100000|100%| E|CS|TAMS 0x000000008f000000, 0x000000008f000000| Complete 
| 241|0x000000008f100000, 0x000000008f200000, 0x000000008f200000|100%| E|CS|TAMS 0x000000008f100000, 0x000000008f100000| Complete 
| 242|0x000000008f200000, 0x000000008f300000, 0x000000008f300000|100%| E|CS|TAMS 0x000000008f200000, 0x000000008f200000| Complete 
| 243|0x000000008f300000, 0x000000008f400000, 0x000000008f400000|100%| E|CS|TAMS 0x000000008f300000, 0x000000008f300000| Complete 
| 244|0x000000008f400000, 0x000000008f500000, 0x000000008f500000|100%| E|CS|TAMS 0x000000008f400000, 0x000000008f400000| Complete 
| 245|0x000000008f500000, 0x000000008f600000, 0x000000008f600000|100%| E|CS|TAMS 0x000000008f500000, 0x000000008f500000| Complete 
| 246|0x000000008f600000, 0x000000008f700000, 0x000000008f700000|100%| E|CS|TAMS 0x000000008f600000, 0x000000008f600000| Complete 
| 247|0x000000008f700000, 0x000000008f800000, 0x000000008f800000|100%| E|CS|TAMS 0x000000008f700000, 0x000000008f700000| Complete 
| 248|0x000000008f800000, 0x000000008f900000, 0x000000008f900000|100%| E|CS|TAMS 0x000000008f800000, 0x000000008f800000| Complete 
| 249|0x000000008f900000, 0x000000008fa00000, 0x000000008fa00000|100%| E|CS|TAMS 0x000000008f900000, 0x000000008f900000| Complete 
| 250|0x000000008fa00000, 0x000000008fb00000, 0x000000008fb00000|100%| E|CS|TAMS 0x000000008fa00000, 0x000000008fa00000| Complete 
| 251|0x000000008fb00000, 0x000000008fc00000, 0x000000008fc00000|100%| E|CS|TAMS 0x000000008fb00000, 0x000000008fb00000| Complete 
| 252|0x000000008fc00000, 0x000000008fd00000, 0x000000008fd00000|100%| E|CS|TAMS 0x000000008fc00000, 0x000000008fc00000| Complete 
| 253|0x000000008fd00000, 0x000000008fe00000, 0x000000008fe00000|100%| E|CS|TAMS 0x000000008fd00000, 0x000000008fd00000| Complete 
| 254|0x000000008fe00000, 0x000000008ff00000, 0x000000008ff00000|100%| E|CS|TAMS 0x000000008fe00000, 0x000000008fe00000| Complete 
| 255|0x000000008ff00000, 0x0000000090000000, 0x0000000090000000|100%| E|CS|TAMS 0x000000008ff00000, 0x000000008ff00000| Complete 
| 256|0x0000000090000000, 0x0000000090100000, 0x0000000090100000|100%| E|CS|TAMS 0x0000000090000000, 0x0000000090000000| Complete 
| 257|0x0000000090100000, 0x0000000090200000, 0x0000000090200000|100%| E|CS|TAMS 0x0000000090100000, 0x0000000090100000| Complete 
| 258|0x0000000090200000, 0x0000000090300000, 0x0000000090300000|100%| E|CS|TAMS 0x0000000090200000, 0x0000000090200000| Complete 
| 259|0x0000000090300000, 0x0000000090400000, 0x0000000090400000|100%| E|CS|TAMS 0x0000000090300000, 0x0000000090300000| Complete 
| 260|0x0000000090400000, 0x0000000090500000, 0x0000000090500000|100%| E|CS|TAMS 0x0000000090400000, 0x0000000090400000| Complete 
| 261|0x0000000090500000, 0x0000000090600000, 0x0000000090600000|100%| E|CS|TAMS 0x0000000090500000, 0x0000000090500000| Complete 
| 262|0x0000000090600000, 0x0000000090700000, 0x0000000090700000|100%| E|CS|TAMS 0x0000000090600000, 0x0000000090600000| Complete 
| 263|0x0000000090700000, 0x0000000090800000, 0x0000000090800000|100%| E|CS|TAMS 0x0000000090700000, 0x0000000090700000| Complete 
| 264|0x0000000090800000, 0x0000000090900000, 0x0000000090900000|100%| E|CS|TAMS 0x0000000090800000, 0x0000000090800000| Complete 
| 265|0x0000000090900000, 0x0000000090a00000, 0x0000000090a00000|100%| E|  |TAMS 0x0000000090900000, 0x0000000090900000| Complete 
| 266|0x0000000090a00000, 0x0000000090b00000, 0x0000000090b00000|100%| E|CS|TAMS 0x0000000090a00000, 0x0000000090a00000| Complete 
| 267|0x0000000090b00000, 0x0000000090c00000, 0x0000000090c00000|100%| E|CS|TAMS 0x0000000090b00000, 0x0000000090b00000| Complete 
| 268|0x0000000090c00000, 0x0000000090d00000, 0x0000000090d00000|100%| E|CS|TAMS 0x0000000090c00000, 0x0000000090c00000| Complete 
| 269|0x0000000090d00000, 0x0000000090e00000, 0x0000000090e00000|100%| E|CS|TAMS 0x0000000090d00000, 0x0000000090d00000| Complete 
| 270|0x0000000090e00000, 0x0000000090f00000, 0x0000000090f00000|100%| E|CS|TAMS 0x0000000090e00000, 0x0000000090e00000| Complete 
| 271|0x0000000090f00000, 0x0000000091000000, 0x0000000091000000|100%| E|CS|TAMS 0x0000000090f00000, 0x0000000090f00000| Complete 
| 272|0x0000000091000000, 0x0000000091100000, 0x0000000091100000|100%| E|CS|TAMS 0x0000000091000000, 0x0000000091000000| Complete 
| 273|0x0000000091100000, 0x0000000091200000, 0x0000000091200000|100%| E|CS|TAMS 0x0000000091100000, 0x0000000091100000| Complete 
| 274|0x0000000091200000, 0x0000000091300000, 0x0000000091300000|100%| E|CS|TAMS 0x0000000091200000, 0x0000000091200000| Complete 
| 275|0x0000000091300000, 0x0000000091400000, 0x0000000091400000|100%| E|CS|TAMS 0x0000000091300000, 0x0000000091300000| Complete 
| 276|0x0000000091400000, 0x0000000091500000, 0x0000000091500000|100%| E|CS|TAMS 0x0000000091400000, 0x0000000091400000| Complete 
| 277|0x0000000091500000, 0x0000000091600000, 0x0000000091600000|100%| E|CS|TAMS 0x0000000091500000, 0x0000000091500000| Complete 
| 278|0x0000000091600000, 0x0000000091700000, 0x0000000091700000|100%| E|CS|TAMS 0x0000000091600000, 0x0000000091600000| Complete 
| 279|0x0000000091700000, 0x0000000091800000, 0x0000000091800000|100%| E|CS|TAMS 0x0000000091700000, 0x0000000091700000| Complete 
| 307|0x0000000093300000, 0x0000000093400000, 0x0000000093400000|100%| E|CS|TAMS 0x0000000093300000, 0x0000000093300000| Complete 
| 308|0x0000000093400000, 0x0000000093500000, 0x0000000093500000|100%| E|CS|TAMS 0x0000000093400000, 0x0000000093400000| Complete 
| 309|0x0000000093500000, 0x0000000093600000, 0x0000000093600000|100%| E|CS|TAMS 0x0000000093500000, 0x0000000093500000| Complete 
| 310|0x0000000093600000, 0x0000000093700000, 0x0000000093700000|100%| E|CS|TAMS 0x0000000093600000, 0x0000000093600000| Complete 

Card table byte_map: [0x000002295a890000,0x000002295ac90000] _byte_map_base: 0x000002295a490000

Marking Bits (Prev, Next): (CMBitMap*) 0x00000229439ee870, (CMBitMap*) 0x00000229439ee830
 Prev Bits: [0x000002295d090000, 0x000002295f090000)
 Next Bits: [0x000002295b090000, 0x000002295d090000)

Polling page: 0x0000022943150000

Metaspace:

Usage:
  Non-class:     81.47 MB used.
      Class:     13.01 MB used.
       Both:     94.48 MB used.

Virtual space:
  Non-class space:      128.00 MB reserved,      82.00 MB ( 64%) committed,  2 nodes.
      Class space:      416.00 MB reserved,      13.44 MB (  3%) committed,  1 nodes.
             Both:      544.00 MB reserved,      95.44 MB ( 18%) committed. 

Chunk freelists:
   Non-Class:  13.80 MB
       Class:  2.47 MB
        Both:  16.27 MB

MaxMetaspaceSize: 512.00 MB
CompressedClassSpaceSize: 416.00 MB
Initial GC threshold: 21.00 MB
Current GC threshold: 128.12 MB
CDS: on
MetaspaceReclaimPolicy: balanced
 - commit_granule_bytes: 65536.
 - commit_granule_words: 8192.
 - virtual_space_node_default_size: 8388608.
 - enlarge_chunks_in_place: 1.
 - new_chunks_are_fully_committed: 0.
 - uncommit_free_chunks: 1.
 - use_allocation_guard: 0.
 - handle_deallocations: 1.


Internal statistics:

num_allocs_failed_limit: 6.
num_arena_births: 1118.
num_arena_deaths: 0.
num_vsnodes_births: 3.
num_vsnodes_deaths: 0.
num_space_committed: 1527.
num_space_uncommitted: 0.
num_chunks_returned_to_freelist: 6.
num_chunks_taken_from_freelist: 5252.
num_chunk_merges: 6.
num_chunk_splits: 3470.
num_chunks_enlarged: 2275.
num_inconsistent_stats: 0.

CodeHeap 'non-profiled nmethods': size=120000Kb used=7825Kb max_used=7825Kb free=112175Kb
 bounds [0x0000022952f60000, 0x0000022953710000, 0x000002295a490000]
CodeHeap 'profiled nmethods': size=120000Kb used=25872Kb max_used=25872Kb free=94127Kb
 bounds [0x000002294b490000, 0x000002294cde0000, 0x00000229529c0000]
CodeHeap 'non-nmethods': size=5760Kb used=2401Kb max_used=2512Kb free=3358Kb
 bounds [0x00000229529c0000, 0x0000022952c70000, 0x0000022952f60000]
 total_blobs=13747 nmethods=12813 adapters=846
 compilation: enabled
              stopped_count=0, restarted_count=0
 full_count=0

Compilation events (20 events):
Event: 52.657 Thread 0x000002290451f5b0 nmethod 14161 0x00000229536fd190 code [0x00000229536fd320, 0x00000229536fd4a8]
Event: 52.657 Thread 0x000002290451f5b0 14162   !   4       sun.nio.fs.WindowsFileAttributes::toFileTime (47 bytes)
Event: 52.659 Thread 0x000002290451f5b0 nmethod 14162 0x00000229536fd610 code [0x00000229536fd7a0, 0x00000229536fd908]
Event: 52.659 Thread 0x000002290451f5b0 14163   !   4       org.gradle.cache.internal.DefaultMultiProcessSafePersistentIndexedCache::getIfPresent (25 bytes)
Event: 52.681 Thread 0x00000229615ab6a0 nmethod 14118 0x00000229536fda90 code [0x00000229536fdcc0, 0x00000229536ff168]
Event: 52.681 Thread 0x00000229615ab6a0 14134       4       java.util.stream.ReduceOps$3::makeSink (5 bytes)
Event: 52.682 Thread 0x00000229615ab6a0 nmethod 14134 0x0000022953700010 code [0x00000229537001a0, 0x0000022953700298]
Event: 52.682 Thread 0x00000229615ab6a0 14164  s    4       sun.nio.fs.WindowsDirectoryStream$WindowsDirectoryIterator::hasNext (35 bytes)
Event: 52.734 Thread 0x00000229616e0620 14170       3       com.google.common.collect.RegularImmutableSortedSet::createAsList (28 bytes)
Event: 52.734 Thread 0x00000229616e0620 nmethod 14170 0x000002294cdb2c90 code [0x000002294cdb2e80, 0x000002294cdb34c8]
Event: 52.740 Thread 0x00000229615ab6a0 nmethod 14164 0x0000022953700390 code [0x00000229537005c0, 0x0000022953702288]
Event: 52.740 Thread 0x00000229615ab6a0 14169       4       java.io.BufferedInputStream::fill (203 bytes)
Event: 52.742 Thread 0x00000229616e0620 14172       3       org.gradle.internal.execution.history.changes.InputValueChanges::<init> (131 bytes)
Event: 52.742 Thread 0x00000229615ab6a0 nmethod 14169 0x0000022953702b90 code [0x0000022953702d20, 0x0000022953702e38]
Event: 52.742 Thread 0x00000229615ab6a0 14171       4       sun.security.provider.DigestBase::engineUpdate (189 bytes)
Event: 52.744 Thread 0x00000229616e0620 nmethod 14172 0x000002294cdb3710 code [0x000002294cdb3a80, 0x000002294cdb5868]
Event: 52.744 Thread 0x00000229616e0620 14173       3       org.gradle.api.internal.artifacts.transform.DefaultTransformerInvocationFactory$ImmutableTransformerExecution::visitIdentityInputs (42 bytes)
Event: 52.746 Thread 0x00000229616e0620 nmethod 14173 0x000002294cdb6110 code [0x000002294cdb6420, 0x000002294cdb76a8]
Event: 52.747 Thread 0x00000229616e0620 14174       3       org.gradle.internal.io.StreamByteBuffer::prepareRead (102 bytes)
Event: 52.747 Thread 0x00000229616e0620 nmethod 14174 0x000002294cdb7d90 code [0x000002294cdb7fa0, 0x000002294cdb8818]

GC Heap History (20 events):
Event: 33.963 GC heap before
{Heap before GC invocations=30 (full 0):
 garbage-first heap   total 153600K, used 77458K [0x0000000080000000, 0x0000000100000000)
  region size 1024K, 7 young (7168K), 5 survivors (5120K)
 Metaspace       used 70427K, committed 71104K, reserved 491520K
  class space    used 9646K, committed 9984K, reserved 425984K
}
Event: 33.970 GC heap after
{Heap after GC invocations=31 (full 0):
 garbage-first heap   total 153600K, used 75430K [0x0000000080000000, 0x0000000100000000)
  region size 1024K, 1 young (1024K), 1 survivors (1024K)
 Metaspace       used 70427K, committed 71104K, reserved 491520K
  class space    used 9646K, committed 9984K, reserved 425984K
}
Event: 34.216 GC heap before
{Heap before GC invocations=31 (full 0):
 garbage-first heap   total 153600K, used 87718K [0x0000000080000000, 0x0000000100000000)
  region size 1024K, 14 young (14336K), 1 survivors (1024K)
 Metaspace       used 71744K, committed 72448K, reserved 491520K
  class space    used 9803K, committed 10176K, reserved 425984K
}
Event: 34.219 GC heap after
{Heap after GC invocations=32 (full 0):
 garbage-first heap   total 153600K, used 75900K [0x0000000080000000, 0x0000000100000000)
  region size 1024K, 2 young (2048K), 2 survivors (2048K)
 Metaspace       used 71744K, committed 72448K, reserved 491520K
  class space    used 9803K, committed 10176K, reserved 425984K
}
Event: 34.970 GC heap before
{Heap before GC invocations=33 (full 0):
 garbage-first heap   total 153600K, used 120956K [0x0000000080000000, 0x0000000100000000)
  region size 1024K, 45 young (46080K), 2 survivors (2048K)
 Metaspace       used 72980K, committed 73664K, reserved 491520K
  class space    used 9999K, committed 10368K, reserved 425984K
}
Event: 34.981 GC heap after
{Heap after GC invocations=34 (full 0):
 garbage-first heap   total 153600K, used 78955K [0x0000000080000000, 0x0000000100000000)
  region size 1024K, 5 young (5120K), 5 survivors (5120K)
 Metaspace       used 72980K, committed 73664K, reserved 491520K
  class space    used 9999K, committed 10368K, reserved 425984K
}
Event: 35.005 GC heap before
{Heap before GC invocations=34 (full 0):
 garbage-first heap   total 153600K, used 81003K [0x0000000080000000, 0x0000000100000000)
  region size 1024K, 7 young (7168K), 5 survivors (5120K)
 Metaspace       used 73001K, committed 73728K, reserved 491520K
  class space    used 10000K, committed 10368K, reserved 425984K
}
Event: 35.016 GC heap after
{Heap after GC invocations=35 (full 0):
 garbage-first heap   total 153600K, used 79196K [0x0000000080000000, 0x0000000100000000)
  region size 1024K, 1 young (1024K), 1 survivors (1024K)
 Metaspace       used 73001K, committed 73728K, reserved 491520K
  class space    used 10000K, committed 10368K, reserved 425984K
}
Event: 41.544 GC heap before
{Heap before GC invocations=35 (full 0):
 garbage-first heap   total 153600K, used 122204K [0x0000000080000000, 0x0000000100000000)
  region size 1024K, 43 young (44032K), 1 survivors (1024K)
 Metaspace       used 77565K, committed 78272K, reserved 557056K
  class space    used 10809K, committed 11136K, reserved 425984K
}
Event: 41.555 GC heap after
{Heap after GC invocations=36 (full 0):
 garbage-first heap   total 318464K, used 81971K [0x0000000080000000, 0x0000000100000000)
  region size 1024K, 4 young (4096K), 4 survivors (4096K)
 Metaspace       used 77565K, committed 78272K, reserved 557056K
  class space    used 10809K, committed 11136K, reserved 425984K
}
Event: 45.297 GC heap before
{Heap before GC invocations=37 (full 0):
 garbage-first heap   total 290816K, used 250931K [0x0000000080000000, 0x0000000100000000)
  region size 1024K, 154 young (157696K), 4 survivors (4096K)
 Metaspace       used 85426K, committed 86272K, reserved 557056K
  class space    used 11885K, committed 12288K, reserved 425984K
}
Event: 45.324 GC heap after
{Heap after GC invocations=38 (full 0):
 garbage-first heap   total 290816K, used 120354K [0x0000000080000000, 0x0000000100000000)
  region size 1024K, 20 young (20480K), 20 survivors (20480K)
 Metaspace       used 85426K, committed 86272K, reserved 557056K
  class space    used 11885K, committed 12288K, reserved 425984K
}
Event: 45.351 GC heap before
{Heap before GC invocations=38 (full 0):
 garbage-first heap   total 290816K, used 121378K [0x0000000080000000, 0x0000000100000000)
  region size 1024K, 21 young (21504K), 20 survivors (20480K)
 Metaspace       used 85489K, committed 86336K, reserved 557056K
  class space    used 11891K, committed 12288K, reserved 425984K
}
Event: 45.370 GC heap after
{Heap after GC invocations=39 (full 0):
 garbage-first heap   total 290816K, used 121668K [0x0000000080000000, 0x0000000100000000)
  region size 1024K, 2 young (2048K), 2 survivors (2048K)
 Metaspace       used 85489K, committed 86336K, reserved 557056K
  class space    used 11891K, committed 12288K, reserved 425984K
}
Event: 47.697 GC heap before
{Heap before GC invocations=39 (full 0):
 garbage-first heap   total 290816K, used 223044K [0x0000000080000000, 0x0000000100000000)
  region size 1024K, 99 young (101376K), 2 survivors (2048K)
 Metaspace       used 92077K, committed 92992K, reserved 557056K
  class space    used 12762K, committed 13184K, reserved 425984K
}
Event: 47.723 GC heap after
{Heap after GC invocations=40 (full 0):
 garbage-first heap   total 290816K, used 137216K [0x0000000080000000, 0x0000000100000000)
  region size 1024K, 13 young (13312K), 13 survivors (13312K)
 Metaspace       used 92077K, committed 92992K, reserved 557056K
  class space    used 12762K, committed 13184K, reserved 425984K
}
Event: 49.473 GC heap before
{Heap before GC invocations=40 (full 0):
 garbage-first heap   total 290816K, used 224256K [0x0000000080000000, 0x0000000100000000)
  region size 1024K, 98 young (100352K), 13 survivors (13312K)
 Metaspace       used 95341K, committed 96256K, reserved 557056K
  class space    used 13163K, committed 13632K, reserved 425984K
}
Event: 49.508 GC heap after
{Heap after GC invocations=41 (full 0):
 garbage-first heap   total 290816K, used 149088K [0x0000000080000000, 0x0000000100000000)
  region size 1024K, 12 young (12288K), 12 survivors (12288K)
 Metaspace       used 95341K, committed 96256K, reserved 557056K
  class space    used 13163K, committed 13632K, reserved 425984K
}
Event: 51.745 GC heap before
{Heap before GC invocations=41 (full 0):
 garbage-first heap   total 290816K, used 226912K [0x0000000080000000, 0x0000000100000000)
  region size 1024K, 89 young (91136K), 12 survivors (12288K)
 Metaspace       used 96727K, committed 97664K, reserved 557056K
  class space    used 13320K, committed 13760K, reserved 425984K
}
Event: 51.778 GC heap after
{Heap after GC invocations=42 (full 0):
 garbage-first heap   total 290816K, used 156220K [0x0000000080000000, 0x0000000100000000)
  region size 1024K, 7 young (7168K), 7 survivors (7168K)
 Metaspace       used 96727K, committed 97664K, reserved 557056K
  class space    used 13320K, committed 13760K, reserved 425984K
}

Dll operation events (12 events):
Event: 0.011 Loaded shared library C:\Program Files\Microsoft\jdk-17.0.8.7-hotspot\bin\java.dll
Event: 0.038 Loaded shared library C:\Program Files\Microsoft\jdk-17.0.8.7-hotspot\bin\jsvml.dll
Event: 0.109 Loaded shared library C:\Program Files\Microsoft\jdk-17.0.8.7-hotspot\bin\net.dll
Event: 0.111 Loaded shared library C:\Program Files\Microsoft\jdk-17.0.8.7-hotspot\bin\nio.dll
Event: 0.119 Loaded shared library C:\Program Files\Microsoft\jdk-17.0.8.7-hotspot\bin\zip.dll
Event: 0.507 Loaded shared library C:\Program Files\Microsoft\jdk-17.0.8.7-hotspot\bin\jimage.dll
Event: 0.640 Loaded shared library C:\Program Files\Microsoft\jdk-17.0.8.7-hotspot\bin\verify.dll
Event: 0.965 Loaded shared library C:\Users\harsh\.gradle\native\68d5fa5c4cc2d200863cafc0d521ce42e7d3e7ee720ec0a83991735586a16f82\windows-amd64\native-platform.dll
Event: 0.995 Loaded shared library C:\Users\harsh\.gradle\native\e376f236ea51e6404a007f0833ffe2c6e607c4080706a723a18a27aeea778392\windows-amd64\native-platform-file-events.dll
Event: 2.624 Loaded shared library C:\Program Files\Microsoft\jdk-17.0.8.7-hotspot\bin\management.dll
Event: 2.627 Loaded shared library C:\Program Files\Microsoft\jdk-17.0.8.7-hotspot\bin\management_ext.dll
Event: 3.358 Loaded shared library C:\Program Files\Microsoft\jdk-17.0.8.7-hotspot\bin\sunmscapi.dll

Deoptimization events (20 events):
Event: 52.380 Thread 0x000002297de9fb80 Uncommon trap: trap_request=0xffffffbe fr.pc=0x00000229536e5c5c relative=0x000000000000181c
Event: 52.380 Thread 0x000002297de9fb80 Uncommon trap: reason=profile_predicate action=maybe_recompile pc=0x00000229536e5c5c method=org.gradle.internal.file.FileHierarchySet$Node.contains(Ljava/lang/String;I)Z @ 69 c2
Event: 52.380 Thread 0x000002297de9fb80 DEOPT PACKING pc=0x00000229536e5c5c sp=0x0000003e1d4fbb40
Event: 52.380 Thread 0x000002297de9fb80 DEOPT UNPACKING pc=0x0000022952a169a3 sp=0x0000003e1d4fbb10 mode 2
Event: 52.733 Thread 0x000002297de9fb80 Uncommon trap: trap_request=0xffffff76 fr.pc=0x00000229536d9f30 relative=0x0000000000002a10
Event: 52.733 Thread 0x000002297de95720 Uncommon trap: trap_request=0xffffff76 fr.pc=0x00000229536d9f30 relative=0x0000000000002a10
Event: 52.733 Thread 0x000002297de9fb80 Uncommon trap: reason=predicate action=maybe_recompile pc=0x00000229536d9f30 method=java.util.TimSort.reverseRange([Ljava/lang/Object;II)V @ 5 c2
Event: 52.733 Thread 0x000002297de95720 Uncommon trap: reason=predicate action=maybe_recompile pc=0x00000229536d9f30 method=java.util.TimSort.reverseRange([Ljava/lang/Object;II)V @ 5 c2
Event: 52.733 Thread 0x000002297de95720 DEOPT PACKING pc=0x00000229536d9f30 sp=0x0000003e1b3fc4f0
Event: 52.733 Thread 0x000002297de95720 DEOPT UNPACKING pc=0x0000022952a169a3 sp=0x0000003e1b3fc358 mode 2
Event: 52.733 Thread 0x000002297de9fb80 DEOPT PACKING pc=0x00000229536d9f30 sp=0x0000003e1d4fc810
Event: 52.733 Thread 0x000002297de9fb80 DEOPT UNPACKING pc=0x0000022952a169a3 sp=0x0000003e1d4fc678 mode 2
Event: 52.739 Thread 0x000002297e9725f0 Uncommon trap: trap_request=0xffffff45 fr.pc=0x0000022953354188 relative=0x0000000000004068
Event: 52.739 Thread 0x000002297e9725f0 Uncommon trap: reason=unstable_if action=reinterpret pc=0x0000022953354188 method=org.gradle.internal.io.StreamByteBuffer.allocateSpace()I @ 9 c2
Event: 52.739 Thread 0x000002297e9725f0 DEOPT PACKING pc=0x0000022953354188 sp=0x0000003e1a0fec20
Event: 52.739 Thread 0x000002297e9725f0 DEOPT UNPACKING pc=0x0000022952a169a3 sp=0x0000003e1a0fe958 mode 2
Event: 52.745 Thread 0x000002297e9725f0 Uncommon trap: trap_request=0xffffff45 fr.pc=0x0000022953652efc relative=0x000000000000017c
Event: 52.745 Thread 0x000002297e9725f0 Uncommon trap: reason=unstable_if action=reinterpret pc=0x0000022953652efc method=org.gradle.internal.io.StreamByteBuffer.prepareRead()I @ 30 c2
Event: 52.745 Thread 0x000002297e9725f0 DEOPT PACKING pc=0x0000022953652efc sp=0x0000003e1a0fe9c0
Event: 52.745 Thread 0x000002297e9725f0 DEOPT UNPACKING pc=0x0000022952a169a3 sp=0x0000003e1a0fe970 mode 2

Classes unloaded (0 events):
No events

Classes redefined (0 events):
No events

Internal exceptions (20 events):
Event: 50.903 Thread 0x000002297de9f670 Exception <a 'java/lang/ClassNotFoundException'{0x000000008e8a3410}: java/io/WriterCustomizer> (0x000000008e8a3410) 
thrown [s\src\hotspot\share\classfile\systemDictionary.cpp, line 256]
Event: 50.904 Thread 0x000002297de9f670 Exception <a 'java/lang/ClassNotFoundException'{0x000000008e8b1900}: java/io/BufferedWriterCustomizer> (0x000000008e8b1900) 
thrown [s\src\hotspot\share\classfile\systemDictionary.cpp, line 256]
Event: 51.022 Thread 0x000002297de9f670 Exception <a 'sun/nio/fs/WindowsException'{0x000000008e71f0d8}> (0x000000008e71f0d8) 
thrown [s\src\hotspot\share\prims\jni.cpp, line 516]
Event: 51.023 Thread 0x000002297de9f670 Exception <a 'sun/nio/fs/WindowsException'{0x000000008e721650}> (0x000000008e721650) 
thrown [s\src\hotspot\share\prims\jni.cpp, line 516]
Event: 51.105 Thread 0x000002297dea0fc0 Exception <a 'sun/nio/fs/WindowsException'{0x000000008e7c1df8}> (0x000000008e7c1df8) 
thrown [s\src\hotspot\share\prims\jni.cpp, line 516]
Event: 51.105 Thread 0x000002297dea0fc0 Exception <a 'sun/nio/fs/WindowsException'{0x000000008e7c42c8}> (0x000000008e7c42c8) 
thrown [s\src\hotspot\share\prims\jni.cpp, line 516]
Event: 51.111 Thread 0x000002297dea0fc0 Exception <a 'sun/nio/fs/WindowsException'{0x000000008e7e0f20}> (0x000000008e7e0f20) 
thrown [s\src\hotspot\share\prims\jni.cpp, line 516]
Event: 51.112 Thread 0x000002297dea0fc0 Exception <a 'sun/nio/fs/WindowsException'{0x000000008e7e3640}> (0x000000008e7e3640) 
thrown [s\src\hotspot\share\prims\jni.cpp, line 516]
Event: 51.116 Thread 0x000002297dea0fc0 Exception <a 'sun/nio/fs/WindowsException'{0x000000008e600d18}> (0x000000008e600d18) 
thrown [s\src\hotspot\share\prims\jni.cpp, line 516]
Event: 51.120 Thread 0x000002297dea0fc0 Exception <a 'sun/nio/fs/WindowsException'{0x000000008e60dda0}> (0x000000008e60dda0) 
thrown [s\src\hotspot\share\prims\jni.cpp, line 516]
Event: 51.121 Thread 0x000002297dea0fc0 Exception <a 'sun/nio/fs/WindowsException'{0x000000008e6101b0}> (0x000000008e6101b0) 
thrown [s\src\hotspot\share\prims\jni.cpp, line 516]
Event: 51.124 Thread 0x000002297dea0fc0 Exception <a 'sun/nio/fs/WindowsException'{0x000000008e61f0b0}> (0x000000008e61f0b0) 
thrown [s\src\hotspot\share\prims\jni.cpp, line 516]
Event: 51.125 Thread 0x000002297dea0fc0 Exception <a 'sun/nio/fs/WindowsException'{0x000000008e621198}> (0x000000008e621198) 
thrown [s\src\hotspot\share\prims\jni.cpp, line 516]
Event: 51.128 Thread 0x000002297dea0fc0 Exception <a 'sun/nio/fs/WindowsException'{0x000000008e62f7d0}> (0x000000008e62f7d0) 
thrown [s\src\hotspot\share\prims\jni.cpp, line 516]
Event: 51.128 Thread 0x000002297dea0fc0 Exception <a 'sun/nio/fs/WindowsException'{0x000000008e631b80}> (0x000000008e631b80) 
thrown [s\src\hotspot\share\prims\jni.cpp, line 516]
Event: 51.133 Thread 0x000002297de9d300 Exception <a 'sun/nio/fs/WindowsException'{0x000000008e650250}> (0x000000008e650250) 
thrown [s\src\hotspot\share\prims\jni.cpp, line 516]
Event: 51.133 Thread 0x000002297de9d300 Exception <a 'sun/nio/fs/WindowsException'{0x000000008e652218}> (0x000000008e652218) 
thrown [s\src\hotspot\share\prims\jni.cpp, line 516]
Event: 51.134 Thread 0x000002297de9d300 Exception <a 'sun/nio/fs/WindowsException'{0x000000008e6541b0}> (0x000000008e6541b0) 
thrown [s\src\hotspot\share\prims\jni.cpp, line 516]
Event: 51.134 Thread 0x000002297de9d300 Exception <a 'sun/nio/fs/WindowsException'{0x000000008e656288}> (0x000000008e656288) 
thrown [s\src\hotspot\share\prims\jni.cpp, line 516]
Event: 51.159 Thread 0x000002297de9d300 Exception <a 'java/lang/NoSuchMethodError'{0x000000008e6c98c0}: static Lcom/android/build/api/variant/BuildConfigField;.<clinit>()V> (0x000000008e6c98c0) 
thrown [s\src\hotspot\share\prims\jni.cpp, line 1107]

VM Operations (20 events):
Event: 49.769 Executing VM operation: HandshakeAllThreads
Event: 49.769 Executing VM operation: HandshakeAllThreads done
Event: 49.790 Executing VM operation: ICBufferFull
Event: 49.790 Executing VM operation: ICBufferFull done
Event: 50.294 Executing VM operation: ICBufferFull
Event: 50.294 Executing VM operation: ICBufferFull done
Event: 50.833 Executing VM operation: ICBufferFull
Event: 50.833 Executing VM operation: ICBufferFull done
Event: 50.893 Executing VM operation: HandshakeAllThreads
Event: 50.893 Executing VM operation: HandshakeAllThreads done
Event: 50.895 Executing VM operation: HandshakeAllThreads
Event: 50.895 Executing VM operation: HandshakeAllThreads done
Event: 51.095 Executing VM operation: HandshakeAllThreads
Event: 51.095 Executing VM operation: HandshakeAllThreads done
Event: 51.096 Executing VM operation: HandshakeAllThreads
Event: 51.097 Executing VM operation: HandshakeAllThreads done
Event: 51.299 Executing VM operation: ICBufferFull
Event: 51.299 Executing VM operation: ICBufferFull done
Event: 51.745 Executing VM operation: G1CollectForAllocation
Event: 51.778 Executing VM operation: G1CollectForAllocation done

Events (20 events):
Event: 51.158 loading class java/io/ClassCache$CacheRef
Event: 51.158 loading class java/io/ClassCache$CacheRef done
Event: 51.158 loading class java/io/ObjectStreamClass$FieldReflectorKey
Event: 51.158 loading class java/io/ObjectStreamClass$FieldReflectorKey done
Event: 51.158 loading class java/io/ObjectStreamClass$FieldReflector
Event: 51.159 loading class java/io/ObjectStreamClass$FieldReflector done
Event: 51.159 loading class java/io/ObjectStreamClass$1
Event: 51.159 loading class java/io/ObjectStreamClass$1 done
Event: 51.159 loading class java/io/ObjectStreamClass$MemberSignature
Event: 51.159 loading class java/io/ObjectStreamClass$MemberSignature done
Event: 51.159 loading class java/io/ObjectStreamClass$3
Event: 51.159 loading class java/io/ObjectStreamClass$3 done
Event: 51.159 loading class java/io/ObjectStreamClass$4
Event: 51.159 loading class java/io/ObjectStreamClass$4 done
Event: 51.159 loading class java/io/ObjectStreamClass$5
Event: 51.160 loading class java/io/ObjectStreamClass$5 done
Event: 51.160 loading class java/io/ObjectStreamClass$ClassDataSlot
Event: 51.160 loading class java/io/ObjectStreamClass$ClassDataSlot done
Event: 51.160 loading class jdk/internal/reflect/UnsafeQualifiedStaticLongFieldAccessorImpl
Event: 51.161 loading class jdk/internal/reflect/UnsafeQualifiedStaticLongFieldAccessorImpl done


Dynamic libraries:
0x00007ff7d35e0000 - 0x00007ff7d35ee000 	C:\Program Files\Microsoft\jdk-17.0.8.7-hotspot\bin\java.exe
0x00007ff98ab50000 - 0x00007ff98ad48000 	C:\WINDOWS\SYSTEM32\ntdll.dll
0x00007ff988d10000 - 0x00007ff988dcd000 	C:\WINDOWS\System32\KERNEL32.DLL
0x00007ff988580000 - 0x00007ff988876000 	C:\WINDOWS\System32\KERNELBASE.dll
0x00007ff988420000 - 0x00007ff988520000 	C:\WINDOWS\System32\ucrtbase.dll
0x00007ff9803f0000 - 0x00007ff98040b000 	C:\Program Files\Microsoft\jdk-17.0.8.7-hotspot\bin\VCRUNTIME140.dll
0x00007ff981df0000 - 0x00007ff981e07000 	C:\Program Files\Microsoft\jdk-17.0.8.7-hotspot\bin\jli.dll
0x00007ff989c40000 - 0x00007ff989dde000 	C:\WINDOWS\System32\USER32.dll
0x00007ff9783b0000 - 0x00007ff97864a000 	C:\WINDOWS\WinSxS\amd64_microsoft.windows.common-controls_6595b64144ccf1df_6.0.19041.3636_none_60b6a03d71f818d5\COMCTL32.dll
0x00007ff988550000 - 0x00007ff988572000 	C:\WINDOWS\System32\win32u.dll
0x00007ff989fc0000 - 0x00007ff98a05e000 	C:\WINDOWS\System32\msvcrt.dll
0x00007ff988ea0000 - 0x00007ff988ecc000 	C:\WINDOWS\System32\GDI32.dll
0x00007ff988920000 - 0x00007ff988a3a000 	C:\WINDOWS\System32\gdi32full.dll
0x00007ff988880000 - 0x00007ff98891d000 	C:\WINDOWS\System32\msvcp_win.dll
0x00007ff9898b0000 - 0x00007ff9898e0000 	C:\WINDOWS\System32\IMM32.DLL
0x00007ff9823a0000 - 0x00007ff9823ac000 	C:\Program Files\Microsoft\jdk-17.0.8.7-hotspot\bin\vcruntime140_1.dll
0x00007ff95d9e0000 - 0x00007ff95da6d000 	C:\Program Files\Microsoft\jdk-17.0.8.7-hotspot\bin\msvcp140.dll
0x00007ff940220000 - 0x00007ff940e85000 	C:\Program Files\Microsoft\jdk-17.0.8.7-hotspot\bin\server\jvm.dll
0x00007ff98a680000 - 0x00007ff98a733000 	C:\WINDOWS\System32\ADVAPI32.dll
0x00007ff989000000 - 0x00007ff98909f000 	C:\WINDOWS\System32\sechost.dll
0x00007ff98a550000 - 0x00007ff98a676000 	C:\WINDOWS\System32\RPCRT4.dll
0x00007ff988520000 - 0x00007ff988547000 	C:\WINDOWS\System32\bcrypt.dll
0x00007ff987770000 - 0x00007ff9877bb000 	C:\WINDOWS\SYSTEM32\POWRPROF.dll
0x00007ff975e70000 - 0x00007ff975e79000 	C:\WINDOWS\SYSTEM32\WSOCK32.dll
0x00007ff981ce0000 - 0x00007ff981d07000 	C:\WINDOWS\SYSTEM32\WINMM.dll
0x00007ff98a060000 - 0x00007ff98a0cb000 	C:\WINDOWS\System32\WS2_32.dll
0x00007ff979340000 - 0x00007ff97934a000 	C:\WINDOWS\SYSTEM32\VERSION.dll
0x00007ff987630000 - 0x00007ff987642000 	C:\WINDOWS\SYSTEM32\UMPDC.dll
0x00007ff986a60000 - 0x00007ff986a72000 	C:\WINDOWS\SYSTEM32\kernel.appcore.dll
0x00007ff981de0000 - 0x00007ff981dea000 	C:\Program Files\Microsoft\jdk-17.0.8.7-hotspot\bin\jimage.dll
0x00007ff985f80000 - 0x00007ff986164000 	C:\WINDOWS\SYSTEM32\DBGHELP.DLL
0x00007ff970000000 - 0x00007ff970034000 	C:\WINDOWS\SYSTEM32\dbgcore.DLL
0x00007ff988390000 - 0x00007ff988412000 	C:\WINDOWS\System32\bcryptPrimitives.dll
0x00007ff967b10000 - 0x00007ff967b35000 	C:\Program Files\Microsoft\jdk-17.0.8.7-hotspot\bin\java.dll
0x00007ff959680000 - 0x00007ff959757000 	C:\Program Files\Microsoft\jdk-17.0.8.7-hotspot\bin\jsvml.dll
0x00007ff9890a0000 - 0x00007ff9897e5000 	C:\WINDOWS\System32\SHELL32.dll
0x00007ff986190000 - 0x00007ff98692b000 	C:\WINDOWS\SYSTEM32\windows.storage.dll
0x00007ff9898e0000 - 0x00007ff989c34000 	C:\WINDOWS\System32\combase.dll
0x00007ff987c50000 - 0x00007ff987c7d000 	C:\WINDOWS\SYSTEM32\Wldp.dll
0x00007ff989df0000 - 0x00007ff989e9d000 	C:\WINDOWS\System32\SHCORE.dll
0x00007ff9897f0000 - 0x00007ff989845000 	C:\WINDOWS\System32\shlwapi.dll
0x00007ff988150000 - 0x00007ff988175000 	C:\WINDOWS\SYSTEM32\profapi.dll
0x00007ff95d9c0000 - 0x00007ff95d9d9000 	C:\Program Files\Microsoft\jdk-17.0.8.7-hotspot\bin\net.dll
0x00007ff97cc20000 - 0x00007ff97cd2a000 	C:\WINDOWS\SYSTEM32\WINHTTP.dll
0x00007ff9879b0000 - 0x00007ff987a1a000 	C:\WINDOWS\system32\mswsock.dll
0x00007ff95d9a0000 - 0x00007ff95d9b6000 	C:\Program Files\Microsoft\jdk-17.0.8.7-hotspot\bin\nio.dll
0x00007ff95d980000 - 0x00007ff95d998000 	C:\Program Files\Microsoft\jdk-17.0.8.7-hotspot\bin\zip.dll
0x00007ff981db0000 - 0x00007ff981dc0000 	C:\Program Files\Microsoft\jdk-17.0.8.7-hotspot\bin\verify.dll
0x00007ff95d950000 - 0x00007ff95d977000 	C:\Users\harsh\.gradle\native\68d5fa5c4cc2d200863cafc0d521ce42e7d3e7ee720ec0a83991735586a16f82\windows-amd64\native-platform.dll
0x00007ff958560000 - 0x00007ff9586a4000 	C:\Users\harsh\.gradle\native\e376f236ea51e6404a007f0833ffe2c6e607c4080706a723a18a27aeea778392\windows-amd64\native-platform-file-events.dll
0x00007ff96b8b0000 - 0x00007ff96b8b9000 	C:\Program Files\Microsoft\jdk-17.0.8.7-hotspot\bin\management.dll
0x00007ff967b60000 - 0x00007ff967b6b000 	C:\Program Files\Microsoft\jdk-17.0.8.7-hotspot\bin\management_ext.dll
0x00007ff98aa70000 - 0x00007ff98aa78000 	C:\WINDOWS\System32\PSAPI.DLL
0x00007ff987bb0000 - 0x00007ff987bc8000 	C:\WINDOWS\SYSTEM32\CRYPTSP.dll
0x00007ff987270000 - 0x00007ff9872a4000 	C:\WINDOWS\system32\rsaenh.dll
0x00007ff988110000 - 0x00007ff98813e000 	C:\WINDOWS\SYSTEM32\USERENV.dll
0x00007ff987ba0000 - 0x00007ff987bac000 	C:\WINDOWS\SYSTEM32\CRYPTBASE.dll
0x00007ff987650000 - 0x00007ff98768b000 	C:\WINDOWS\SYSTEM32\IPHLPAPI.DLL
0x00007ff98a0d0000 - 0x00007ff98a0d8000 	C:\WINDOWS\System32\NSI.dll
0x00007ff97e130000 - 0x00007ff97e147000 	C:\WINDOWS\SYSTEM32\dhcpcsvc6.DLL
0x00007ff97e1b0000 - 0x00007ff97e1cd000 	C:\WINDOWS\SYSTEM32\dhcpcsvc.DLL
0x00007ff9876a0000 - 0x00007ff98776a000 	C:\WINDOWS\SYSTEM32\DNSAPI.dll
0x00007ff981da0000 - 0x00007ff981dae000 	C:\Program Files\Microsoft\jdk-17.0.8.7-hotspot\bin\sunmscapi.dll
0x00007ff988a40000 - 0x00007ff988b9d000 	C:\WINDOWS\System32\CRYPT32.dll
0x00007ff987cc0000 - 0x00007ff987ce8000 	C:\WINDOWS\SYSTEM32\ncrypt.dll
0x00007ff987c80000 - 0x00007ff987cbb000 	C:\WINDOWS\SYSTEM32\NTASN1.dll
0x00007ff979180000 - 0x00007ff979187000 	C:\WINDOWS\system32\wshunix.dll
0x00007ff97f350000 - 0x00007ff97f367000 	C:\WINDOWS\system32\napinsp.dll
0x00007ff97f330000 - 0x00007ff97f34b000 	C:\WINDOWS\system32\pnrpnsp.dll
0x00007ff9824f0000 - 0x00007ff982505000 	C:\WINDOWS\system32\wshbth.dll
0x00007ff982f10000 - 0x00007ff982f2d000 	C:\WINDOWS\system32\NLAapi.dll
0x00007ff9804f0000 - 0x00007ff980502000 	C:\WINDOWS\System32\winrnr.dll
0x00007ff978030000 - 0x00007ff97803a000 	C:\Windows\System32\rasadhlp.dll
0x00007ff978050000 - 0x00007ff9780d0000 	C:\WINDOWS\System32\fwpuclnt.dll

dbghelp: loaded successfully - version: 4.0.5 - missing functions: none
symbol engine: initialized successfully - sym options: 0x614 - pdb path: .;C:\Program Files\Microsoft\jdk-17.0.8.7-hotspot\bin;C:\WINDOWS\SYSTEM32;C:\WINDOWS\WinSxS\amd64_microsoft.windows.common-controls_6595b64144ccf1df_6.0.19041.3636_none_60b6a03d71f818d5;C:\Program Files\Microsoft\jdk-17.0.8.7-hotspot\bin\server;C:\Users\harsh\.gradle\native\68d5fa5c4cc2d200863cafc0d521ce42e7d3e7ee720ec0a83991735586a16f82\windows-amd64;C:\Users\harsh\.gradle\native\e376f236ea51e6404a007f0833ffe2c6e607c4080706a723a18a27aeea778392\windows-amd64

VM Arguments:
jvm_args: -XX:MaxMetaspaceSize=512m --add-opens=java.base/java.util=ALL-UNNAMED --add-opens=java.base/java.lang=ALL-UNNAMED --add-opens=java.base/java.lang.invoke=ALL-UNNAMED --add-opens=java.prefs/java.util.prefs=ALL-UNNAMED --add-opens=java.base/java.nio.charset=ALL-UNNAMED --add-opens=java.base/java.net=ALL-UNNAMED --add-opens=java.base/java.util.concurrent.atomic=ALL-UNNAMED -Xmx2048m -Dfile.encoding=windows-1252 -Duser.country=IN -Duser.language=en -Duser.variant 
java_command: org.gradle.launcher.daemon.bootstrap.GradleDaemon 8.0.1
java_class_path (initial): C:\Users\harsh\.gradle\wrapper\dists\gradle-8.0.1-all\aro4hu1c3oeioove7l0i4i14o\gradle-8.0.1\lib\gradle-launcher-8.0.1.jar
Launcher Type: SUN_STANDARD

[Global flags]
     intx CICompilerCount                          = 3                                         {product} {ergonomic}
   size_t CompressedClassSpaceSize                 = 436207616                                 {product} {ergonomic}
     uint ConcGCThreads                            = 1                                         {product} {ergonomic}
     uint G1ConcRefinementThreads                  = 4                                         {product} {ergonomic}
   size_t G1HeapRegionSize                         = 1048576                                   {product} {ergonomic}
    uintx GCDrainStackTargetSize                   = 64                                        {product} {ergonomic}
   size_t InitialHeapSize                          = 268435456                                 {product} {ergonomic}
   size_t MarkStackSize                            = 4194304                                   {product} {ergonomic}
   size_t MaxHeapSize                              = 2147483648                                {product} {command line}
   size_t MaxMetaspaceSize                         = 536870912                                 {product} {command line}
   size_t MaxNewSize                               = 1287651328                                {product} {ergonomic}
   size_t MinHeapDeltaBytes                        = 1048576                                   {product} {ergonomic}
   size_t MinHeapSize                              = 8388608                                   {product} {ergonomic}
    uintx NonNMethodCodeHeapSize                   = 5832780                                {pd product} {ergonomic}
    uintx NonProfiledCodeHeapSize                  = 122912730                              {pd product} {ergonomic}
    uintx ProfiledCodeHeapSize                     = 122912730                              {pd product} {ergonomic}
    uintx ReservedCodeCacheSize                    = 251658240                              {pd product} {ergonomic}
     bool SegmentedCodeCache                       = true                                      {product} {ergonomic}
   size_t SoftMaxHeapSize                          = 2147483648                             {manageable} {ergonomic}
     bool UseCompressedClassPointers               = true                           {product lp64_product} {ergonomic}
     bool UseCompressedOops                        = true                           {product lp64_product} {ergonomic}
     bool UseG1GC                                  = true                                      {product} {ergonomic}
     bool UseLargePagesIndividualAllocation        = false                                  {pd product} {ergonomic}

Logging:
Log output configuration:
 #0: stdout all=warning uptime,level,tags
 #1: stderr all=off uptime,level,tags

Environment Variables:
JAVA_HOME=C:\Program Files\Microsoft\jdk-17.0.8.7-hotspot\
CLASSPATH=F:\React\RSVR_Assessment\ReactNative\RsvrAssessment\android\\gradle\wrapper\gradle-wrapper.jar
PATH=F:\React\RSVR_Assessment\ReactNative\RsvrAssessment\node_modules\.bin;F:\React\RSVR_Assessment\ReactNative\node_modules\.bin;F:\React\RSVR_Assessment\node_modules\.bin;F:\React\node_modules\.bin;F:\node_modules\.bin;C:\Users\harsh\AppData\Roaming\npm\node_modules\npm\node_modules\@npmcli\run-script\lib\node-gyp-bin;C:\Program Files\Microsoft\jdk-17.0.8.7-hotspot\bin;C:\WINDOWS\system32;C:\WINDOWS;C:\WINDOWS\System32\Wbem;C:\WINDOWS\System32\WindowsPowerShell\v1.0\;C:\WINDOWS\System32\OpenSSH\;C:\ProgramData\chocolatey\bin;C:\Users\harsh\AppData\Local\Android\Sdk\platform-tools;C:\Program Files\Git\cmd;C:\Users\harsh\AppData\Roaming\nvm;C:\Program Files\nodejs;C:\Users\harsh\AppData\Local\Microsoft\WindowsApps;C:\Users\harsh\AppData\Local\Programs\Microsoft VS Code\bin;C:\Users\harsh\AppData\Roaming\npm;C:\Users\harsh\AppData\Local\GitHubDesktop\bin;C:\Users\harsh\AppData\Roaming\nvm;C:\Program Files\nodejs
USERNAME=harsh
LANG=en_US.UTF-8
OS=Windows_NT
PROCESSOR_IDENTIFIER=Intel64 Family 6 Model 142 Stepping 9, GenuineIntel
TMP=C:\Users\harsh\AppData\Local\Temp
TEMP=C:\Users\harsh\AppData\Local\Temp



---------------  S Y S T E M  ---------------

OS:
 Windows 10 , 64 bit Build 19041 (10.0.19041.3636)
OS uptime: 3 days 15:24 hours

CPU: total 4 (initial active 4) (2 cores per cpu, 2 threads per core) family 6 model 142 stepping 9 microcode 0xd6, cx8, cmov, fxsr, ht, mmx, 3dnowpref, sse, sse2, sse3, ssse3, sse4.1, sse4.2, popcnt, lzcnt, tsc, tscinvbit, avx, avx2, aes, erms, clmul, bmi1, bmi2, adx, fma, vzeroupper, clflush, clflushopt
Processor Information for all 4 processors :
  Max Mhz: 2701, Current Mhz: 2701, Mhz Limit: 2701

Memory: 4k page, system-wide physical 16282M (10052M free)
TotalPageFile size 18842M (AvailPageFile size 11942M)
current process WorkingSet (physical memory assigned to process): 564M, peak: 568M
current process commit charge ("private bytes"): 607M, peak: 612M

vm_info: OpenJDK 64-Bit Server VM (17.0.8+7-LTS) for windows-amd64 JRE (17.0.8+7-LTS), built on Jul  7 2023 17:21:55 by "MicrosoftCorporation" with MS VC++ 16.10 / 16.11 (VS2019)

END.
